TN:
SF:app\api\activities\route.ts
FN:15,GET
FN:38,(anonymous_4)
FN:73,(anonymous_5)
FNF:3
FNH:3
FNDA:12,GET
FNDA:2,(anonymous_4)
FNDA:2,(anonymous_5)
DA:9,1
DA:10,1
DA:11,1
DA:13,1
DA:15,12
DA:16,12
DA:17,12
DA:18,12
DA:19,11
DA:21,11
DA:22,11
DA:23,11
DA:24,11
DA:25,11
DA:28,11
DA:30,11
DA:32,10
DA:34,1
DA:38,2
DA:39,1
DA:42,9
DA:45,11
DA:46,1
DA:49,11
DA:73,10
DA:87,10
DA:100,1
DA:101,1
LF:28
LH:28
BRDA:18,0,0,1
BRDA:22,1,0,11
BRDA:22,1,1,9
BRDA:23,2,0,11
BRDA:23,2,1,8
BRDA:30,3,0,1
BRDA:30,3,1,10
BRDA:32,4,0,1
BRDA:32,4,1,9
BRDA:45,5,0,1
BRDA:77,6,0,2
BRDA:77,6,1,1
BRDA:102,7,0,1
BRDA:102,7,1,0
BRF:14
BRH:13
end_of_record
TN:
SF:app\api\admin\dashboard\route.ts
FN:20,GET
FN:99,(anonymous_4)
FNF:2
FNH:2
FNDA:8,GET
FNDA:5,(anonymous_4)
DA:1,1
DA:3,1
DA:4,1
DA:6,1
DA:20,8
DA:21,8
DA:22,8
DA:23,7
DA:25,7
DA:27,7
DA:29,6
DA:31,6
DA:33,6
DA:37,6
DA:43,6
DA:49,6
DA:56,6
DA:62,6
DA:66,6
DA:71,6
DA:76,6
DA:83,6
DA:99,5
DA:110,1
DA:111,1
DA:115,1
LF:26
LH:26
BRDA:22,0,0,1
BRDA:104,1,0,5
BRDA:104,1,1,0
BRDA:112,2,0,1
BRDA:112,2,1,0
BRDA:113,3,0,1
BRDA:113,3,1,0
BRDA:119,4,0,1
BRDA:119,4,1,0
BRF:9
BRH:5
end_of_record
TN:
SF:app\api\admin\system\health\route.ts
FN:10,GET
FNF:1
FNH:1
FNDA:13,GET
DA:1,1
DA:3,1
DA:4,1
DA:6,1
DA:8,1
DA:10,13
DA:11,13
DA:12,13
DA:14,12
DA:16,12
DA:17,12
DA:18,12
DA:19,12
DA:20,12
DA:21,10
DA:22,10
DA:24,2
DA:28,12
DA:29,12
DA:30,12
DA:31,12
DA:32,12
DA:34,12
DA:41,12
DA:43,12
DA:67,0
DA:68,0
LF:27
LH:25
BRDA:12,0,0,1
BRDA:34,1,0,0
BRDA:34,1,1,12
BRDA:36,2,0,0
BRDA:36,2,1,12
BRDA:46,3,0,10
BRDA:46,3,1,2
BRDA:54,4,0,12
BRDA:54,4,1,1
BRF:9
BRH:7
end_of_record
TN:
SF:app\api\admin\users\route.ts
FN:22,GET
FN:76,(anonymous_4)
FNF:2
FNH:2
FNDA:18,GET
FNDA:8,(anonymous_4)
DA:1,1
DA:3,1
DA:4,1
DA:6,1
DA:22,18
DA:23,18
DA:24,18
DA:26,17
DA:27,17
DA:28,17
DA:29,17
DA:30,17
DA:31,17
DA:32,17
DA:34,17
DA:37,17
DA:38,17
DA:39,17
DA:41,17
DA:42,2
DA:43,2
DA:44,2
DA:47,17
DA:48,4
DA:49,4
DA:50,4
DA:53,17
DA:54,2
DA:55,15
DA:56,1
DA:59,17
DA:62,17
DA:63,17
DA:64,16
DA:67,16
DA:74,16
DA:76,16
DA:88,16
DA:101,1
DA:102,1
DA:106,1
LF:41
LH:41
BRDA:24,0,0,1
BRDA:28,1,0,17
BRDA:28,1,1,15
BRDA:29,2,0,17
BRDA:29,2,1,14
BRDA:30,3,0,17
BRDA:30,3,1,15
BRDA:31,4,0,17
BRDA:31,4,1,12
BRDA:32,5,0,17
BRDA:32,5,1,14
BRDA:41,6,0,2
BRDA:47,7,0,4
BRDA:47,8,0,17
BRDA:47,8,1,5
BRDA:53,9,0,2
BRDA:53,9,1,15
BRDA:55,10,0,1
BRDA:83,11,0,8
BRDA:83,11,1,0
BRDA:84,12,0,1
BRDA:84,12,1,7
BRDA:84,13,0,1
BRDA:84,13,1,0
BRDA:103,14,0,1
BRDA:103,14,1,0
BRDA:104,15,0,1
BRDA:104,15,1,0
BRDA:110,16,0,1
BRDA:110,16,1,0
BRF:30
BRH:25
end_of_record
TN:
SF:app\api\admin\users\[id]\route.ts
FN:26,GET
FN:108,PUT
FNF:2
FNH:2
FNDA:5,GET
FNDA:18,PUT
DA:1,1
DA:3,1
DA:4,1
DA:6,1
DA:26,5
DA:30,5
DA:31,5
DA:33,4
DA:35,4
DA:37,4
DA:46,3
DA:47,1
DA:53,2
DA:56,2
DA:59,2
DA:64,2
DA:69,2
DA:92,1
DA:93,1
DA:97,1
DA:108,18
DA:112,18
DA:113,18
DA:115,17
DA:117,17
DA:118,17
DA:119,17
DA:122,17
DA:123,5
DA:130,12
DA:134,12
DA:135,1
DA:142,11
DA:143,11
DA:144,11
DA:145,11
DA:147,11
DA:148,2
DA:154,9
DA:168,8
DA:173,1
DA:174,1
DA:178,1
LF:43
LH:43
BRDA:31,0,0,1
BRDA:46,1,0,1
BRDA:78,2,0,2
BRDA:78,2,1,0
BRDA:79,3,0,1
BRDA:79,3,1,1
BRDA:79,4,0,1
BRDA:79,4,1,0
BRDA:80,5,0,1
BRDA:80,5,1,1
BRDA:80,6,0,1
BRDA:80,6,1,0
BRDA:94,7,0,1
BRDA:94,7,1,0
BRDA:95,8,0,1
BRDA:95,8,1,0
BRDA:101,9,0,1
BRDA:101,9,1,0
BRDA:113,10,0,1
BRDA:122,11,0,5
BRDA:122,12,0,17
BRDA:122,12,1,10
BRDA:134,13,0,1
BRDA:143,14,0,4
BRDA:144,15,0,3
BRDA:145,16,0,5
BRDA:147,17,0,2
BRDA:175,18,0,1
BRDA:175,18,1,0
BRDA:176,19,0,1
BRDA:176,19,1,0
BRDA:182,20,0,0
BRDA:182,20,1,1
BRDA:182,21,0,0
BRDA:182,21,1,0
BRF:35
BRH:24
end_of_record
TN:
SF:app\api\analytics\goals\route.ts
FN:35,GET
FN:68,POST
FNF:2
FNH:2
FNDA:4,GET
FNDA:16,POST
DA:7,1
DA:8,1
DA:9,1
DA:10,1
DA:12,1
DA:14,1
DA:35,4
DA:36,4
DA:37,4
DA:38,3
DA:40,3
DA:41,3
DA:43,3
DA:54,2
DA:56,1
DA:57,1
DA:68,16
DA:69,16
DA:70,16
DA:71,15
DA:73,15
DA:74,15
DA:75,15
DA:76,15
DA:77,4
DA:83,11
DA:84,11
DA:86,11
DA:97,10
DA:99,1
DA:100,1
LF:31
LH:31
BRDA:37,0,0,1
BRDA:70,1,0,1
BRDA:76,2,0,4
BRDA:92,3,0,1
BRDA:92,3,1,10
BRF:5
BRH:5
end_of_record
TN:
SF:app\api\analytics\goals\[id]\route.ts
FN:27,GET
FN:69,PUT
FN:126,DELETE
FNF:3
FNH:3
FNDA:5,GET
FNDA:6,PUT
FNDA:4,DELETE
DA:8,1
DA:9,1
DA:10,1
DA:11,1
DA:13,1
DA:15,1
DA:27,5
DA:31,5
DA:32,5
DA:33,4
DA:35,4
DA:36,4
DA:37,4
DA:39,4
DA:48,3
DA:49,2
DA:55,1
DA:57,1
DA:58,1
DA:69,6
DA:73,6
DA:74,6
DA:75,5
DA:77,5
DA:78,5
DA:79,5
DA:80,5
DA:81,5
DA:82,5
DA:83,1
DA:90,4
DA:93,4
DA:94,1
DA:100,3
DA:101,3
DA:112,2
DA:114,1
DA:115,1
DA:126,4
DA:130,4
DA:131,4
DA:132,3
DA:134,3
DA:135,3
DA:136,3
DA:138,3
DA:141,3
DA:142,1
DA:148,2
DA:153,1
DA:155,1
DA:156,1
LF:52
LH:52
BRDA:32,0,0,1
BRDA:48,1,0,2
BRDA:74,2,0,1
BRDA:82,3,0,1
BRDA:93,4,0,1
BRDA:104,5,0,3
BRDA:104,5,1,2
BRDA:105,6,0,3
BRDA:105,6,1,1
BRDA:106,7,0,3
BRDA:106,7,1,1
BRDA:107,8,0,3
BRDA:107,8,1,2
BRDA:108,9,0,3
BRDA:108,9,1,1
BRDA:131,10,0,1
BRDA:141,11,0,1
BRF:17
BRH:17
end_of_record
TN:
SF:app\api\analytics\goals\[id]\progress\route.ts
FN:24,GET
FN:66,POST
FNF:2
FNH:2
FNDA:5,GET
FNDA:11,POST
DA:7,1
DA:8,1
DA:9,1
DA:10,1
DA:12,1
DA:14,1
DA:24,5
DA:28,5
DA:29,5
DA:30,4
DA:32,4
DA:33,4
DA:34,4
DA:37,4
DA:40,3
DA:41,1
DA:47,2
DA:52,2
DA:54,1
DA:55,1
DA:66,11
DA:70,11
DA:71,11
DA:72,10
DA:74,10
DA:75,10
DA:76,10
DA:77,10
DA:78,10
DA:79,10
DA:80,2
DA:87,8
DA:90,8
DA:91,1
DA:97,7
DA:98,7
DA:101,7
DA:102,7
DA:103,6
DA:109,7
DA:120,6
DA:121,2
DA:127,6
DA:129,1
DA:130,1
LF:45
LH:45
BRDA:29,0,0,1
BRDA:40,1,0,1
BRDA:71,2,0,1
BRDA:79,3,0,2
BRDA:90,4,0,1
BRDA:98,5,0,1
BRDA:98,5,1,6
BRDA:102,6,0,6
BRDA:102,7,0,7
BRDA:102,7,1,6
BRDA:120,8,0,2
BRDA:120,9,0,6
BRDA:120,9,1,3
BRF:13
BRH:13
end_of_record
TN:
SF:app\api\analytics\measurements\route.ts
FN:15,(anonymous_4)
FN:42,GET
FN:106,(anonymous_6)
FN:135,POST
FNF:4
FNH:2
FNDA:8,(anonymous_4)
FNDA:0,GET
FNDA:0,(anonymous_6)
FNDA:9,POST
DA:7,1
DA:8,1
DA:9,1
DA:10,1
DA:12,1
DA:14,1
DA:15,8
DA:42,0
DA:43,0
DA:44,0
DA:45,0
DA:47,0
DA:48,0
DA:49,0
DA:50,0
DA:53,0
DA:54,0
DA:55,0
DA:56,0
DA:58,0
DA:59,0
DA:61,0
DA:62,0
DA:64,0
DA:65,0
DA:67,0
DA:68,0
DA:70,0
DA:71,0
DA:87,0
DA:88,0
DA:97,0
DA:106,0
DA:118,0
DA:123,0
DA:124,0
DA:135,9
DA:136,9
DA:137,9
DA:138,8
DA:140,8
DA:141,8
DA:142,8
DA:143,8
DA:144,3
DA:150,5
DA:151,5
DA:152,5
DA:153,5
DA:157,5
DA:182,4
DA:183,2
DA:189,2
DA:190,2
DA:202,2
DA:204,1
DA:205,1
LF:57
LH:28
BRDA:44,0,0,0
BRDA:54,1,0,0
BRDA:56,2,0,0
BRDA:56,2,1,0
BRDA:56,2,2,0
BRDA:56,2,3,0
BRDA:56,2,4,0
BRDA:87,3,0,0
BRDA:87,3,1,0
BRDA:110,4,0,0
BRDA:110,4,1,0
BRDA:111,5,0,0
BRDA:111,5,1,0
BRDA:112,6,0,0
BRDA:112,6,1,0
BRDA:113,7,0,0
BRDA:113,7,1,0
BRDA:114,8,0,0
BRDA:114,8,1,0
BRDA:137,9,0,1
BRDA:143,10,0,3
BRDA:153,11,0,1
BRDA:153,11,1,4
BRDA:172,12,0,5
BRDA:172,12,1,4
BRDA:173,13,0,5
BRDA:173,13,1,1
BRDA:174,14,0,5
BRDA:174,14,1,4
BRDA:175,15,0,5
BRDA:175,15,1,4
BRDA:182,16,0,2
BRDA:182,17,0,4
BRDA:182,17,1,3
BRDA:194,18,0,1
BRDA:194,18,1,1
BRDA:195,19,0,1
BRDA:195,19,1,1
BRDA:196,20,0,1
BRDA:196,20,1,1
BRDA:197,21,0,1
BRDA:197,21,1,1
BRDA:198,22,0,2
BRDA:198,22,1,1
BRF:44
BRH:25
end_of_record
TN:
SF:app\api\analytics\measurements\[id]\route.ts
FN:17,(anonymous_4)
FN:48,PUT
FN:205,DELETE
FNF:3
FNH:2
FNDA:0,(anonymous_4)
FNDA:10,PUT
FNDA:5,DELETE
DA:7,1
DA:8,1
DA:9,1
DA:10,1
DA:12,1
DA:14,1
DA:17,0
DA:42,1
DA:48,10
DA:52,10
DA:53,10
DA:54,9
DA:56,9
DA:58,9
DA:59,9
DA:60,1
DA:66,8
DA:67,8
DA:68,8
DA:69,2
DA:75,6
DA:76,6
DA:79,6
DA:86,6
DA:87,1
DA:93,5
DA:96,5
DA:97,5
DA:98,5
DA:100,5
DA:101,4
DA:102,4
DA:103,4
DA:106,5
DA:107,1
DA:108,1
DA:109,1
DA:112,5
DA:113,1
DA:114,1
DA:115,1
DA:118,5
DA:119,1
DA:120,1
DA:121,1
DA:124,5
DA:125,1
DA:126,1
DA:127,1
DA:128,1
DA:131,5
DA:132,0
DA:133,0
DA:134,0
DA:137,5
DA:138,1
DA:145,4
DA:146,4
DA:147,4
DA:148,4
DA:149,4
DA:151,4
DA:158,4
DA:171,3
DA:172,1
DA:178,2
DA:179,2
DA:191,2
DA:193,1
DA:194,1
DA:205,5
DA:209,5
DA:210,5
DA:211,4
DA:213,4
DA:215,4
DA:216,4
DA:217,1
DA:223,3
DA:224,3
DA:227,3
DA:234,3
DA:235,1
DA:241,2
DA:246,1
DA:248,1
DA:249,1
LF:87
LH:83
BRDA:53,0,0,1
BRDA:59,1,0,1
BRDA:68,2,0,2
BRDA:86,3,0,1
BRDA:86,4,0,6
BRDA:86,4,1,6
BRDA:100,5,0,4
BRDA:106,6,0,1
BRDA:112,7,0,1
BRDA:118,8,0,1
BRDA:124,9,0,1
BRDA:125,10,0,1
BRDA:125,10,1,0
BRDA:131,11,0,0
BRDA:137,12,0,1
BRDA:171,13,0,1
BRDA:171,14,0,3
BRDA:171,14,1,3
BRDA:183,15,0,2
BRDA:183,15,1,0
BRDA:184,16,0,2
BRDA:184,16,1,0
BRDA:185,17,0,1
BRDA:185,17,1,1
BRDA:186,18,0,1
BRDA:186,18,1,1
BRDA:187,19,0,2
BRDA:187,19,1,1
BRDA:210,20,0,1
BRDA:216,21,0,1
BRDA:234,22,0,1
BRDA:234,23,0,3
BRDA:234,23,1,3
BRF:33
BRH:29
end_of_record
TN:
SF:app\api\analytics\measurements\me\route.ts
FN:16,GET
FN:81,(anonymous_4)
FNF:2
FNH:2
FNDA:9,GET
FNDA:2,(anonymous_4)
DA:6,1
DA:7,1
DA:8,1
DA:10,1
DA:16,9
DA:17,9
DA:18,9
DA:19,8
DA:21,8
DA:22,8
DA:23,8
DA:24,8
DA:27,8
DA:28,8
DA:29,6
DA:30,6
DA:32,1
DA:33,1
DA:35,1
DA:36,1
DA:38,1
DA:39,1
DA:41,1
DA:42,1
DA:44,1
DA:45,1
DA:62,8
DA:63,5
DA:72,3
DA:81,7
DA:93,7
DA:98,1
DA:99,1
LF:33
LH:33
BRDA:18,0,0,1
BRDA:28,1,0,6
BRDA:30,2,0,1
BRDA:30,2,1,1
BRDA:30,2,2,1
BRDA:30,2,3,1
BRDA:30,2,4,1
BRDA:62,3,0,5
BRDA:62,3,1,3
BRDA:85,4,0,1
BRDA:85,4,1,1
BRDA:86,5,0,2
BRDA:86,5,1,0
BRDA:87,6,0,1
BRDA:87,6,1,1
BRDA:88,7,0,1
BRDA:88,7,1,1
BRDA:89,8,0,2
BRDA:89,8,1,1
BRF:19
BRH:18
end_of_record
TN:
SF:app\api\analytics\milestones\route.ts
FN:16,GET
FNF:1
FNH:1
FNDA:6,GET
DA:6,1
DA:7,1
DA:8,1
DA:10,1
DA:16,6
DA:17,6
DA:18,6
DA:19,5
DA:21,5
DA:22,5
DA:24,5
DA:29,4
DA:31,1
DA:32,1
LF:14
LH:14
BRDA:18,0,0,1
BRF:1
BRH:1
end_of_record
TN:
SF:app\api\analytics\milestones\me\route.ts
FN:16,GET
FNF:1
FNH:1
FNDA:4,GET
DA:6,1
DA:7,1
DA:8,1
DA:10,1
DA:16,4
DA:17,4
DA:18,4
DA:19,3
DA:21,3
DA:22,3
DA:24,3
DA:29,2
DA:31,1
DA:32,1
LF:14
LH:14
BRDA:18,0,0,1
BRF:1
BRH:1
end_of_record
TN:
SF:app\api\analytics\performance\route.ts
FN:27,GET
FN:80,POST
FNF:2
FNH:2
FNDA:10,GET
FNDA:16,POST
DA:7,1
DA:8,1
DA:9,1
DA:10,1
DA:12,1
DA:14,1
DA:27,10
DA:28,10
DA:29,10
DA:30,9
DA:32,9
DA:33,9
DA:34,9
DA:35,9
DA:36,9
DA:37,9
DA:38,9
DA:40,9
DA:42,9
DA:43,2
DA:45,9
DA:46,2
DA:48,9
DA:49,4
DA:50,4
DA:51,3
DA:53,4
DA:54,3
DA:58,9
DA:66,8
DA:68,1
DA:69,1
DA:80,16
DA:81,16
DA:82,16
DA:83,15
DA:85,15
DA:86,15
DA:87,15
DA:88,15
DA:89,4
DA:95,11
DA:96,11
DA:98,11
DA:113,10
DA:115,1
DA:116,1
LF:47
LH:47
BRDA:29,0,0,1
BRDA:42,1,0,2
BRDA:45,2,0,2
BRDA:48,3,0,4
BRDA:48,4,0,9
BRDA:48,4,1,6
BRDA:50,5,0,3
BRDA:53,6,0,3
BRDA:82,7,0,1
BRDA:88,8,0,4
BRF:10
BRH:10
end_of_record
TN:
SF:app\api\analytics\performance\me\route.ts
FN:16,GET
FNF:1
FNH:1
FNDA:9,GET
DA:6,1
DA:7,1
DA:8,1
DA:10,1
DA:16,9
DA:17,9
DA:18,9
DA:19,8
DA:21,8
DA:22,8
DA:23,8
DA:24,8
DA:25,8
DA:26,8
DA:27,8
DA:29,8
DA:31,8
DA:32,2
DA:34,8
DA:35,2
DA:37,8
DA:38,4
DA:39,4
DA:40,3
DA:42,4
DA:43,3
DA:47,8
DA:55,7
DA:57,1
DA:58,1
LF:30
LH:30
BRDA:18,0,0,1
BRDA:31,1,0,2
BRDA:34,2,0,2
BRDA:37,3,0,4
BRDA:37,4,0,8
BRDA:37,4,1,5
BRDA:39,5,0,3
BRDA:42,6,0,3
BRF:8
BRH:8
end_of_record
TN:
SF:app\api\analytics\performance\me\personal-bests\route.ts
FN:16,GET
FN:48,(anonymous_4)
FNF:2
FNH:2
FNDA:12,GET
FNDA:10,(anonymous_4)
DA:6,2
DA:7,2
DA:8,2
DA:10,2
DA:16,12
DA:17,12
DA:18,12
DA:19,10
DA:21,10
DA:22,10
DA:26,10
DA:48,10
DA:56,8
DA:58,2
DA:59,2
LF:15
LH:15
BRDA:18,0,0,2
BRF:1
BRH:1
end_of_record
TN:
SF:app\api\analytics\personal-bests\route.ts
FN:16,GET
FN:48,(anonymous_4)
FNF:2
FNH:0
FNDA:0,GET
FNDA:0,(anonymous_4)
DA:6,0
DA:7,0
DA:8,0
DA:10,0
DA:16,0
DA:17,0
DA:18,0
DA:19,0
DA:21,0
DA:22,0
DA:26,0
DA:48,0
DA:56,0
DA:58,0
DA:59,0
LF:15
LH:0
BRDA:18,0,0,0
BRF:1
BRH:0
end_of_record
TN:
SF:app\api\analytics\reports\route.ts
FN:11,GET
FN:41,POST
FN:129,(anonymous_6)
FN:130,(anonymous_7)
FN:131,(anonymous_8)
FN:133,(anonymous_9)
FN:148,(anonymous_10)
FN:156,(anonymous_11)
FN:162,(anonymous_12)
FN:168,(anonymous_13)
FNF:10
FNH:8
FNDA:5,GET
FNDA:7,POST
FNDA:4,(anonymous_6)
FNDA:3,(anonymous_7)
FNDA:3,(anonymous_8)
FNDA:3,(anonymous_9)
FNDA:4,(anonymous_10)
FNDA:1,(anonymous_11)
FNDA:0,(anonymous_12)
FNDA:0,(anonymous_13)
DA:1,1
DA:2,1
DA:3,1
DA:5,1
DA:11,5
DA:12,5
DA:13,5
DA:14,4
DA:16,4
DA:17,4
DA:19,4
DA:31,3
DA:33,1
DA:34,1
DA:41,7
DA:42,7
DA:43,7
DA:44,6
DA:45,6
DA:47,6
DA:48,6
DA:49,6
DA:51,6
DA:52,2
DA:58,4
DA:59,4
DA:62,4
DA:82,3
DA:97,3
DA:112,3
DA:129,4
DA:130,3
DA:131,3
DA:132,3
DA:133,3
DA:136,3
DA:148,4
DA:156,1
DA:162,0
DA:168,0
DA:183,3
DA:193,3
DA:202,1
DA:203,1
LF:44
LH:42
BRDA:13,0,0,1
BRDA:43,1,0,1
BRDA:51,2,0,2
BRDA:51,3,0,6
BRDA:51,3,1,5
BRDA:130,4,0,3
BRDA:130,4,1,0
BRDA:131,5,0,3
BRDA:131,5,1,0
BRDA:132,6,0,2
BRDA:132,6,1,1
BRDA:133,7,0,3
BRDA:133,7,1,0
BRDA:141,8,0,2
BRDA:141,8,1,1
BRDA:152,9,0,3
BRDA:152,9,1,1
BRDA:163,10,0,0
BRDA:163,10,1,0
BRDA:164,11,0,0
BRDA:164,11,1,0
BRDA:165,12,0,0
BRDA:165,12,1,0
BRDA:171,13,0,0
BRDA:171,13,1,0
BRDA:173,14,0,0
BRDA:173,14,1,0
BRF:27
BRH:14
end_of_record
TN:
SF:app\api\analytics\training-load\route.ts
FN:16,GET
FNF:1
FNH:1
FNDA:10,GET
DA:6,1
DA:7,1
DA:8,1
DA:10,1
DA:16,10
DA:17,10
DA:18,10
DA:19,9
DA:21,9
DA:22,9
DA:23,9
DA:24,9
DA:25,9
DA:28,9
DA:29,1
DA:31,8
DA:32,8
DA:35,9
DA:43,8
DA:45,1
DA:46,1
LF:21
LH:21
BRDA:18,0,0,1
BRDA:24,1,0,9
BRDA:24,1,1,7
BRDA:28,2,0,1
BRDA:28,2,1,8
BRF:5
BRH:5
end_of_record
TN:
SF:app\api\analytics\training-load\calculate\route.ts
FN:14,(anonymous_3)
FN:23,POST
FN:101,(anonymous_5)
FN:104,(anonymous_6)
FNF:4
FNH:4
FNDA:6,(anonymous_3)
FNDA:8,POST
FNDA:6,(anonymous_5)
FNDA:10,(anonymous_6)
DA:6,1
DA:7,1
DA:8,1
DA:9,1
DA:11,1
DA:13,1
DA:14,6
DA:23,8
DA:24,8
DA:25,8
DA:26,7
DA:28,7
DA:29,7
DA:30,7
DA:31,7
DA:32,2
DA:38,5
DA:39,5
DA:40,5
DA:41,5
DA:44,5
DA:65,4
DA:66,4
DA:67,4
DA:68,4
DA:70,4
DA:71,3
DA:72,3
DA:73,3
DA:74,5
DA:75,5
DA:76,4
DA:78,5
DA:79,4
DA:86,4
DA:87,4
DA:89,4
DA:100,4
DA:101,6
DA:103,4
DA:104,10
DA:106,4
DA:109,4
DA:138,4
DA:140,1
DA:141,1
LF:46
LH:46
BRDA:25,0,0,1
BRDA:31,1,0,2
BRDA:75,2,0,4
BRDA:78,3,0,4
BRDA:78,4,0,5
BRDA:78,4,1,4
BRDA:103,5,0,4
BRDA:103,5,1,0
BRDA:106,6,0,3
BRDA:106,6,1,1
BRF:10
BRH:9
end_of_record
TN:
SF:app\api\analytics\training-load\me\route.ts
FN:16,GET
FNF:1
FNH:1
FNDA:6,GET
DA:6,1
DA:7,1
DA:8,1
DA:10,1
DA:16,6
DA:17,6
DA:18,6
DA:19,5
DA:21,5
DA:22,5
DA:23,5
DA:24,5
DA:25,5
DA:28,5
DA:29,1
DA:31,4
DA:32,4
DA:35,5
DA:43,4
DA:45,1
DA:46,1
LF:21
LH:21
BRDA:18,0,0,1
BRDA:24,1,0,5
BRDA:24,1,1,4
BRDA:28,2,0,1
BRDA:28,2,1,4
BRF:5
BRH:5
end_of_record
TN:
SF:app\api\auth\forgot-password\route.ts
FN:13,POST
FN:44,(anonymous_4)
FNF:2
FNH:1
FNDA:6,POST
FNDA:0,(anonymous_4)
DA:1,1
DA:2,1
DA:3,1
DA:4,1
DA:5,1
DA:7,1
DA:9,1
DA:13,6
DA:14,6
DA:15,6
DA:16,6
DA:18,4
DA:24,3
DA:26,1
DA:32,1
DA:33,1
DA:35,1
DA:44,1
DA:45,0
DA:49,3
DA:54,3
DA:55,2
DA:61,1
DA:62,1
LF:24
LH:23
BRDA:24,0,0,1
BRDA:54,1,0,2
BRF:2
BRH:2
end_of_record
TN:
SF:app\api\auth\login\route.ts
FN:33,POST
FN:170,detectDeviceType
FN:185,detectBrowser
FN:199,detectOS
FNF:4
FNH:4
FNDA:13,POST
FNDA:3,detectDeviceType
FNDA:3,detectBrowser
FNDA:3,detectOS
DA:10,1
DA:11,1
DA:12,1
DA:13,1
DA:14,1
DA:15,1
DA:17,1
DA:22,1
DA:33,13
DA:34,13
DA:43,13
DA:44,13
DA:45,10
DA:48,10
DA:62,9
DA:63,3
DA:74,6
DA:75,1
DA:86,5
DA:87,1
DA:97,4
DA:99,4
DA:100,1
DA:111,3
DA:118,3
DA:119,3
DA:123,3
DA:130,3
DA:137,3
DA:163,4
DA:171,3
DA:173,0
DA:174,0
DA:176,0
DA:177,0
DA:179,0
DA:186,3
DA:188,0
DA:189,0
DA:190,0
DA:191,0
DA:193,0
DA:200,3
DA:202,0
DA:203,0
DA:204,0
DA:205,0
DA:206,0
DA:208,0
LF:49
LH:33
BRDA:62,0,0,3
BRDA:62,1,0,9
BRDA:62,1,1,7
BRDA:74,2,0,1
BRDA:86,3,0,1
BRDA:99,4,0,1
BRDA:118,5,0,3
BRDA:118,5,1,3
BRDA:119,6,0,3
BRDA:119,6,1,3
BRDA:119,6,2,3
BRDA:158,7,0,1
BRDA:158,7,1,2
BRDA:171,8,0,3
BRDA:173,9,0,0
BRDA:176,10,0,0
BRDA:186,11,0,3
BRDA:188,12,0,0
BRDA:189,13,0,0
BRDA:190,14,0,0
BRDA:191,15,0,0
BRDA:200,16,0,3
BRDA:202,17,0,0
BRDA:203,18,0,0
BRDA:204,19,0,0
BRDA:205,20,0,0
BRDA:206,21,0,0
BRF:27
BRH:16
end_of_record
TN:
SF:app\api\auth\me\route.ts
FN:15,GET
FNF:1
FNH:1
FNDA:7,GET
DA:9,1
DA:10,1
DA:11,1
DA:13,1
DA:15,7
DA:16,7
DA:17,7
DA:19,6
DA:20,1
DA:23,5
DA:25,5
DA:38,1
LF:12
LH:12
BRDA:19,0,0,1
BRF:1
BRH:1
end_of_record
TN:
SF:app\api\auth\register\route.ts
FN:25,POST
FN:137,detectDeviceType
FN:152,detectBrowser
FN:166,detectOS
FNF:4
FNH:4
FNDA:12,POST
FNDA:5,detectDeviceType
FNDA:5,detectBrowser
FNDA:5,detectOS
DA:10,1
DA:11,1
DA:12,1
DA:13,1
DA:14,1
DA:15,1
DA:16,1
DA:18,1
DA:25,12
DA:26,12
DA:35,12
DA:36,12
DA:37,7
DA:40,7
DA:45,6
DA:46,1
DA:57,5
DA:60,5
DA:78,5
DA:85,5
DA:86,5
DA:90,5
DA:97,5
DA:104,5
DA:105,5
DA:109,5
DA:130,6
DA:138,5
DA:140,0
DA:141,0
DA:143,0
DA:144,0
DA:146,0
DA:153,5
DA:155,0
DA:156,0
DA:157,0
DA:158,0
DA:160,0
DA:167,5
DA:169,0
DA:170,0
DA:171,0
DA:172,0
DA:173,0
DA:175,0
LF:46
LH:30
BRDA:45,0,0,1
BRDA:64,1,0,5
BRDA:64,1,1,1
BRDA:85,2,0,5
BRDA:85,2,1,5
BRDA:86,3,0,5
BRDA:86,3,1,5
BRDA:86,3,2,5
BRDA:138,4,0,5
BRDA:140,5,0,0
BRDA:143,6,0,0
BRDA:153,7,0,5
BRDA:155,8,0,0
BRDA:156,9,0,0
BRDA:157,10,0,0
BRDA:158,11,0,0
BRDA:167,12,0,5
BRDA:169,13,0,0
BRDA:170,14,0,0
BRDA:171,15,0,0
BRDA:172,16,0,0
BRDA:173,17,0,0
BRF:22
BRH:11
end_of_record
TN:
SF:app\api\auth\reset-password\route.ts
FN:18,POST
FNF:1
FNH:1
FNDA:13,POST
DA:1,1
DA:2,1
DA:3,1
DA:4,1
DA:6,1
DA:8,1
DA:18,13
DA:19,13
DA:20,13
DA:21,13
DA:24,7
DA:29,6
DA:30,1
DA:37,5
DA:38,1
DA:45,4
DA:46,1
DA:53,3
DA:56,3
DA:67,3
DA:72,7
DA:73,6
DA:74,6
DA:80,1
DA:81,1
LF:25
LH:25
BRDA:29,0,0,1
BRDA:37,1,0,1
BRDA:45,2,0,1
BRDA:72,3,0,6
BRDA:73,4,0,6
BRDA:73,4,1,0
BRF:6
BRH:5
end_of_record
TN:
SF:app\api\clients\route.ts
FN:17,GET
FN:67,(anonymous_6)
FN:99,(anonymous_7)
FN:127,POST
FNF:4
FNH:4
FNDA:8,GET
FNDA:3,(anonymous_6)
FNDA:2,(anonymous_7)
FNDA:8,POST
DA:7,1
DA:8,1
DA:9,1
DA:11,1
DA:17,8
DA:18,8
DA:19,8
DA:20,7
DA:22,7
DA:23,7
DA:24,7
DA:25,7
DA:26,7
DA:27,7
DA:28,7
DA:29,7
DA:30,7
DA:33,7
DA:35,7
DA:36,5
DA:37,2
DA:40,1
DA:43,6
DA:44,1
DA:48,6
DA:67,5
DA:95,5
DA:96,5
DA:97,1
DA:98,1
DA:100,2
DA:105,5
DA:115,1
DA:116,1
DA:127,8
DA:128,8
DA:129,8
DA:130,7
DA:132,7
DA:133,1
DA:139,6
DA:140,6
DA:141,6
DA:143,6
DA:144,1
DA:151,5
DA:153,4
DA:154,1
DA:161,3
DA:170,3
DA:171,1
DA:178,2
DA:195,2
DA:209,1
DA:210,1
LF:55
LH:55
BRDA:19,0,0,1
BRDA:28,1,0,7
BRDA:28,1,1,6
BRDA:29,2,0,7
BRDA:29,2,1,6
BRDA:35,3,0,5
BRDA:35,3,1,2
BRDA:37,4,0,1
BRDA:37,4,1,1
BRDA:43,5,0,1
BRDA:71,6,0,3
BRDA:71,6,1,2
BRDA:80,7,0,1
BRDA:80,7,1,2
BRDA:86,8,0,1
BRDA:86,8,1,2
BRDA:96,9,0,1
BRDA:100,10,0,2
BRDA:100,10,1,1
BRDA:108,11,0,1
BRDA:108,11,1,4
BRDA:111,12,0,1
BRDA:111,12,1,4
BRDA:129,13,0,1
BRDA:132,14,0,1
BRDA:132,15,0,7
BRDA:132,15,1,2
BRDA:143,16,0,1
BRDA:153,17,0,1
BRDA:170,18,0,1
BRF:30
BRH:30
end_of_record
TN:
SF:app\api\clients\[id]\status\route.ts
FN:18,PATCH
FNF:1
FNH:1
FNDA:15,PATCH
DA:7,1
DA:8,1
DA:9,1
DA:10,1
DA:12,1
DA:14,1
DA:18,15
DA:22,15
DA:23,15
DA:24,15
DA:25,14
DA:27,14
DA:28,1
DA:34,13
DA:35,13
DA:36,13
DA:38,11
DA:45,10
DA:46,1
DA:52,9
DA:65,9
DA:71,3
DA:72,2
DA:77,1
DA:78,1
LF:25
LH:25
BRDA:24,0,0,1
BRDA:27,1,0,1
BRDA:27,2,0,14
BRDA:27,2,1,2
BRDA:45,3,0,1
BRDA:56,4,0,2
BRDA:56,4,1,7
BRDA:71,5,0,2
BRDA:79,6,0,1
BRDA:79,6,1,0
BRF:10
BRH:9
end_of_record
TN:
SF:app\api\dashboard\stats\route.ts
FN:31,GET
FN:63,(anonymous_4)
FN:99,(anonymous_5)
FNF:3
FNH:3
FNDA:10,GET
FNDA:2,(anonymous_4)
FNDA:3,(anonymous_5)
DA:1,1
DA:2,1
DA:3,1
DA:5,1
DA:31,10
DA:32,10
DA:33,10
DA:34,9
DA:35,9
DA:36,9
DA:38,9
DA:39,9
DA:41,2
DA:43,1
DA:45,1
DA:49,1
DA:56,1
DA:63,2
DA:75,7
DA:77,4
DA:80,4
DA:83,4
DA:89,4
DA:98,4
DA:100,3
DA:123,3
DA:134,4
DA:149,3
DA:151,2
DA:158,2
DA:163,2
DA:186,2
DA:188,2
DA:202,1
DA:204,1
DA:206,1
LF:36
LH:36
BRDA:33,0,0,1
BRDA:39,1,0,2
BRDA:69,2,0,1
BRDA:69,2,1,1
BRDA:75,3,0,4
BRDA:129,4,0,3
BRDA:129,4,1,1
BRDA:149,5,0,2
BRDA:186,6,0,2
BRDA:186,6,1,1
BRDA:193,7,0,2
BRDA:193,7,1,1
BRDA:194,8,0,2
BRDA:194,8,1,1
BRDA:209,9,0,1
BRDA:209,9,1,0
BRF:16
BRH:15
end_of_record
TN:
SF:app\api\exercises\route.ts
FN:21,(anonymous_4)
FN:22,(anonymous_5)
FN:49,GET
FN:98,POST
FNF:4
FNH:4
FNDA:6,(anonymous_4)
FNDA:6,(anonymous_5)
FNDA:6,GET
FNDA:10,POST
DA:7,1
DA:8,1
DA:9,1
DA:15,1
DA:17,1
DA:20,1
DA:21,6
DA:22,6
DA:33,1
DA:49,6
DA:50,6
DA:51,6
DA:54,6
DA:58,6
DA:59,1
DA:64,1
DA:67,5
DA:70,5
DA:73,3
DA:80,3
DA:82,2
DA:84,2
DA:90,2
DA:98,10
DA:99,10
DA:100,10
DA:101,10
DA:102,10
DA:103,0
DA:106,10
DA:107,10
DA:110,10
DA:112,10
DA:113,4
DA:118,4
DA:121,6
DA:124,6
DA:126,4
DA:128,2
DA:130,2
DA:136,2
LF:41
LH:40
BRDA:21,0,0,1
BRDA:21,0,1,5
BRDA:22,1,0,1
BRDA:22,1,1,5
BRDA:58,2,0,1
BRDA:87,3,0,1
BRDA:87,3,1,1
BRDA:100,4,0,0
BRDA:102,5,0,0
BRDA:102,6,0,10
BRDA:102,6,1,0
BRDA:112,7,0,4
BRDA:133,8,0,1
BRDA:133,8,1,1
BRF:14
BRH:11
end_of_record
TN:
SF:app\api\exercises\[id]\route.ts
FN:33,GET
FN:74,PUT
FN:124,DELETE
FNF:3
FNH:3
FNDA:5,GET
FNDA:6,PUT
FNDA:3,DELETE
DA:8,1
DA:9,1
DA:10,1
DA:12,1
DA:14,1
DA:17,1
DA:33,5
DA:37,5
DA:38,5
DA:40,5
DA:42,3
DA:43,1
DA:47,1
DA:51,2
DA:58,2
DA:60,2
DA:66,2
DA:74,6
DA:78,6
DA:79,6
DA:80,6
DA:81,6
DA:82,6
DA:83,0
DA:86,6
DA:87,6
DA:90,6
DA:92,6
DA:93,2
DA:98,2
DA:101,4
DA:104,4
DA:106,2
DA:108,2
DA:110,2
DA:116,2
DA:124,3
DA:128,3
DA:129,3
DA:130,3
DA:131,3
DA:132,3
DA:133,0
DA:136,3
DA:139,3
DA:141,1
DA:146,2
DA:148,2
DA:154,2
LF:49
LH:47
BRDA:42,0,0,1
BRDA:63,1,0,1
BRDA:63,1,1,1
BRDA:80,2,0,0
BRDA:82,3,0,0
BRDA:82,4,0,6
BRDA:82,4,1,0
BRDA:92,5,0,2
BRDA:113,6,0,1
BRDA:113,6,1,1
BRDA:130,7,0,0
BRDA:132,8,0,0
BRDA:132,9,0,3
BRDA:132,9,1,0
BRDA:151,10,0,1
BRDA:151,10,1,1
BRF:16
BRH:10
end_of_record
TN:
SF:app\api\exercises\by-id\[exerciseId]\route.ts
FN:16,GET
FNF:1
FNH:1
FNDA:5,GET
DA:6,1
DA:7,1
DA:10,1
DA:16,5
DA:20,5
DA:21,5
DA:23,5
DA:25,3
DA:26,1
DA:30,1
DA:34,2
DA:41,2
DA:43,2
DA:49,2
LF:14
LH:14
BRDA:25,0,0,1
BRDA:46,1,0,1
BRDA:46,1,1,1
BRF:3
BRH:3
end_of_record
TN:
SF:app\api\exercises\collections\route.ts
FN:23,GET
FN:39,(anonymous_5)
FN:63,POST
FNF:3
FNH:3
FNDA:4,GET
FNDA:1,(anonymous_5)
FNDA:8,POST
DA:7,1
DA:8,1
DA:9,1
DA:10,1
DA:12,1
DA:14,1
DA:23,4
DA:24,4
DA:25,4
DA:26,3
DA:28,3
DA:29,3
DA:39,2
DA:49,2
DA:51,1
DA:52,1
DA:63,8
DA:64,8
DA:65,8
DA:66,7
DA:68,7
DA:69,7
DA:70,7
DA:71,7
DA:72,4
DA:78,3
DA:80,3
DA:88,2
DA:93,1
DA:94,1
LF:30
LH:30
BRDA:25,0,0,1
BRDA:65,1,0,1
BRDA:71,2,0,4
BRDA:84,3,0,3
BRDA:84,3,1,2
BRF:5
BRH:5
end_of_record
TN:
SF:app\api\exercises\collections\[id]\route.ts
FN:24,GET
FN:69,PUT
FN:118,DELETE
FNF:3
FNH:3
FNDA:4,GET
FNDA:7,PUT
FNDA:4,DELETE
DA:8,1
DA:9,1
DA:10,1
DA:11,1
DA:13,1
DA:15,1
DA:24,4
DA:28,4
DA:29,4
DA:30,3
DA:32,3
DA:33,3
DA:48,2
DA:49,1
DA:55,1
DA:57,1
DA:58,1
DA:69,7
DA:73,7
DA:74,7
DA:75,6
DA:77,6
DA:78,6
DA:79,6
DA:80,6
DA:81,2
DA:88,4
DA:92,4
DA:93,1
DA:99,3
DA:104,2
DA:106,1
DA:107,1
DA:118,4
DA:122,4
DA:123,4
DA:124,3
DA:126,3
DA:128,3
DA:132,3
DA:133,1
DA:139,2
DA:143,1
DA:145,1
DA:146,1
LF:45
LH:45
BRDA:29,0,0,1
BRDA:48,1,0,1
BRDA:74,2,0,1
BRDA:80,3,0,2
BRDA:92,4,0,1
BRDA:123,5,0,1
BRDA:132,6,0,1
BRF:7
BRH:7
end_of_record
TN:
SF:app\api\exercises\collections\[id]\exercises\route.ts
FN:12,POST
FN:72,DELETE
FNF:2
FNH:2
FNDA:8,POST
FNDA:6,DELETE
DA:1,1
DA:2,1
DA:3,1
DA:4,1
DA:6,1
DA:8,1
DA:12,8
DA:16,8
DA:17,8
DA:18,7
DA:20,7
DA:21,7
DA:22,7
DA:23,7
DA:24,1
DA:30,6
DA:32,6
DA:35,6
DA:36,1
DA:39,5
DA:40,5
DA:41,1
DA:44,4
DA:47,4
DA:48,1
DA:51,3
DA:56,2
DA:65,2
DA:67,1
DA:68,1
DA:72,6
DA:76,6
DA:77,6
DA:78,5
DA:80,5
DA:81,5
DA:82,5
DA:83,5
DA:84,1
DA:90,4
DA:92,4
DA:95,4
DA:96,1
DA:99,3
DA:102,3
DA:103,1
DA:106,2
DA:108,1
DA:110,1
DA:111,1
LF:50
LH:50
BRDA:17,0,0,1
BRDA:23,1,0,1
BRDA:35,2,0,1
BRDA:40,3,0,1
BRDA:47,4,0,1
BRDA:60,5,0,2
BRDA:60,5,1,1
BRDA:77,6,0,1
BRDA:83,7,0,1
BRDA:95,8,0,1
BRDA:102,9,0,1
BRF:11
BRH:11
end_of_record
TN:
SF:app\api\exercises\favorites\route.ts
FN:23,GET
FN:54,POST
FN:121,DELETE
FNF:3
FNH:3
FNDA:4,GET
FNDA:7,POST
FNDA:5,DELETE
DA:8,1
DA:9,1
DA:10,1
DA:11,1
DA:13,1
DA:15,1
DA:23,4
DA:24,4
DA:25,4
DA:26,3
DA:28,3
DA:29,3
DA:37,2
DA:42,1
DA:43,1
DA:54,7
DA:55,7
DA:56,7
DA:57,6
DA:59,6
DA:60,6
DA:61,6
DA:62,6
DA:63,2
DA:69,4
DA:72,4
DA:73,4
DA:74,1
DA:81,3
DA:90,3
DA:91,1
DA:97,2
DA:107,1
DA:109,1
DA:110,1
DA:121,5
DA:122,5
DA:123,5
DA:124,4
DA:126,4
DA:127,4
DA:128,4
DA:129,4
DA:130,1
DA:136,3
DA:138,3
DA:147,3
DA:148,1
DA:154,2
DA:158,1
DA:160,1
DA:161,1
LF:52
LH:52
BRDA:25,0,0,1
BRDA:56,1,0,1
BRDA:62,2,0,2
BRDA:73,3,0,1
BRDA:90,4,0,1
BRDA:123,5,0,1
BRDA:129,6,0,1
BRDA:147,7,0,1
BRF:8
BRH:8
end_of_record
TN:
SF:app\api\exercises\filters\route.ts
FN:16,GET
FNF:1
FNH:1
FNDA:4,GET
DA:6,1
DA:7,1
DA:10,1
DA:16,4
DA:17,4
DA:18,4
DA:21,2
DA:28,2
DA:30,2
DA:36,2
LF:10
LH:10
BRDA:33,0,0,1
BRDA:33,0,1,1
BRF:2
BRH:2
end_of_record
TN:
SF:app\api\exercises\search\route.ts
FN:16,(anonymous_3)
FN:23,GET
FNF:2
FNH:2
FNDA:8,(anonymous_3)
FNDA:8,GET
DA:6,1
DA:7,1
DA:9,1
DA:11,1
DA:14,1
DA:16,8
DA:23,8
DA:24,8
DA:25,8
DA:28,8
DA:33,8
DA:34,2
DA:39,2
DA:42,6
DA:45,6
DA:48,4
DA:55,2
DA:57,2
DA:63,2
LF:19
LH:19
BRDA:16,0,0,8
BRDA:16,0,1,0
BRDA:33,1,0,2
BRDA:60,2,0,1
BRDA:60,2,1,1
BRF:5
BRH:4
end_of_record
TN:
SF:app\api\health\route.ts
FN:27,GET
FN:131,OPTIONS
FNF:2
FNH:2
FNDA:6,GET
FNDA:1,OPTIONS
DA:15,1
DA:16,1
DA:17,1
DA:18,1
DA:20,1
DA:27,6
DA:28,6
DA:29,6
DA:45,6
DA:46,6
DA:47,6
DA:48,5
DA:50,5
DA:56,1
DA:57,1
DA:65,6
DA:68,6
DA:70,6
DA:72,1
DA:79,5
DA:82,5
DA:84,5
DA:86,5
DA:87,4
DA:95,1
DA:96,1
DA:106,0
DA:107,0
DA:116,6
DA:121,6
DA:123,6
DA:131,1
DA:132,1
LF:33
LH:31
BRDA:33,0,0,6
BRDA:33,0,1,0
BRDA:34,1,0,0
BRDA:34,1,1,6
BRDA:34,2,0,0
BRDA:34,2,1,6
BRDA:40,3,0,6
BRDA:40,3,1,0
BRDA:68,4,0,6
BRDA:68,4,1,1
BRDA:70,5,0,1
BRDA:70,5,1,5
BRDA:86,6,0,4
BRDA:86,6,1,1
BRDA:121,7,0,1
BRDA:121,7,1,5
BRF:16
BRH:12
end_of_record
TN:
SF:app\api\profiles\certifications\route.ts
FN:7,GET
FN:36,POST
FNF:2
FNH:2
FNDA:6,GET
FNDA:8,POST
DA:1,1
DA:2,1
DA:3,1
DA:5,1
DA:7,6
DA:8,6
DA:9,6
DA:10,5
DA:11,5
DA:13,5
DA:14,1
DA:20,4
DA:21,4
DA:26,3
DA:28,1
DA:29,1
DA:36,8
DA:37,8
DA:38,8
DA:39,7
DA:40,7
DA:42,7
DA:43,1
DA:49,6
DA:50,6
DA:51,6
DA:53,6
DA:54,2
DA:60,4
DA:71,3
DA:73,1
DA:74,1
LF:32
LH:32
BRDA:9,0,0,1
BRDA:13,1,0,1
BRDA:38,2,0,1
BRDA:42,3,0,1
BRDA:53,4,0,2
BRDA:53,5,0,6
BRDA:53,5,1,5
BRDA:65,6,0,4
BRDA:65,6,1,3
BRDA:66,7,0,2
BRDA:66,7,1,2
BRDA:67,8,0,2
BRDA:67,8,1,2
BRF:13
BRH:13
end_of_record
TN:
SF:app\api\profiles\certifications\[id]\route.ts
FN:7,PUT
FN:59,DELETE
FNF:2
FNH:2
FNDA:9,PUT
FNDA:6,DELETE
DA:1,1
DA:2,1
DA:3,1
DA:5,1
DA:7,9
DA:11,9
DA:12,9
DA:13,8
DA:14,8
DA:16,8
DA:17,1
DA:23,7
DA:24,7
DA:28,6
DA:29,1
DA:35,5
DA:36,5
DA:38,5
DA:49,5
DA:51,1
DA:52,1
DA:59,6
DA:63,6
DA:64,6
DA:65,5
DA:66,5
DA:68,5
DA:69,1
DA:75,4
DA:76,4
DA:80,3
DA:81,1
DA:87,2
DA:91,2
DA:93,1
DA:94,1
LF:36
LH:36
BRDA:12,0,0,1
BRDA:16,1,0,1
BRDA:28,2,0,1
BRDA:41,3,0,5
BRDA:41,3,1,3
BRDA:42,4,0,5
BRDA:42,4,1,1
BRDA:43,5,0,5
BRDA:43,5,1,2
BRDA:43,6,0,2
BRDA:43,6,1,1
BRDA:44,7,0,5
BRDA:44,7,1,2
BRDA:44,8,0,1
BRDA:44,8,1,1
BRDA:45,9,0,5
BRDA:45,9,1,2
BRDA:45,10,0,1
BRDA:45,10,1,1
BRDA:64,11,0,1
BRDA:68,12,0,1
BRDA:80,13,0,1
BRF:22
BRH:22
end_of_record
TN:
SF:app\api\profiles\health\route.ts
FN:7,GET
FN:31,PUT
FNF:2
FNH:2
FNDA:4,GET
FNDA:8,PUT
DA:1,1
DA:2,1
DA:3,1
DA:5,1
DA:7,4
DA:8,4
DA:9,4
DA:10,3
DA:11,3
DA:13,3
DA:14,3
DA:18,2
DA:23,1
DA:24,1
DA:31,8
DA:32,8
DA:33,8
DA:34,7
DA:35,7
DA:37,7
DA:38,7
DA:45,7
DA:47,7
DA:67,6
DA:78,6
DA:80,1
DA:81,1
LF:27
LH:27
BRDA:9,0,0,1
BRDA:33,1,0,1
BRDA:51,2,0,7
BRDA:51,2,1,1
BRDA:52,3,0,7
BRDA:52,3,1,5
BRDA:53,4,0,7
BRDA:53,4,1,5
BRDA:54,5,0,7
BRDA:54,5,1,5
BRDA:55,6,0,7
BRDA:55,6,1,5
BRDA:58,7,0,7
BRDA:58,7,1,6
BRDA:59,8,0,7
BRDA:59,8,1,2
BRDA:60,9,0,7
BRDA:60,9,1,2
BRDA:61,10,0,7
BRDA:61,10,1,2
BRDA:62,11,0,7
BRDA:62,11,1,2
BRF:22
BRH:22
end_of_record
TN:
SF:app\api\profiles\me\route.ts
FN:7,GET
FN:53,PUT
FNF:2
FNH:2
FNDA:5,GET
FNDA:9,PUT
DA:1,1
DA:2,1
DA:3,1
DA:5,1
DA:7,5
DA:8,5
DA:9,5
DA:10,4
DA:11,4
DA:13,4
DA:14,4
DA:36,3
DA:37,1
DA:43,2
DA:45,1
DA:46,1
DA:53,9
DA:54,9
DA:55,9
DA:56,8
DA:57,8
DA:59,8
DA:60,8
DA:69,8
DA:71,8
DA:97,7
DA:108,7
DA:110,1
DA:111,1
LF:29
LH:29
BRDA:9,0,0,1
BRDA:36,1,0,1
BRDA:55,2,0,1
BRDA:75,3,0,8
BRDA:75,3,1,3
BRDA:76,4,0,1
BRDA:76,4,1,7
BRDA:77,5,0,8
BRDA:77,5,1,7
BRDA:78,6,0,8
BRDA:78,6,1,6
BRDA:79,7,0,8
BRDA:79,7,1,6
BRDA:80,8,0,8
BRDA:80,8,1,7
BRDA:81,9,0,8
BRDA:81,9,1,7
BRDA:84,10,0,8
BRDA:84,10,1,5
BRDA:85,11,0,8
BRDA:85,11,1,2
BRDA:86,12,0,1
BRDA:86,12,1,1
BRDA:88,13,0,8
BRDA:88,13,1,1
BRDA:89,14,0,8
BRDA:89,14,1,2
BRDA:90,15,0,8
BRDA:90,15,1,2
BRDA:91,16,0,8
BRDA:91,16,1,1
BRDA:92,17,0,8
BRDA:92,17,1,1
BRDA:101,18,0,7
BRDA:101,18,1,3
BRDA:101,18,2,3
BRDA:104,19,0,7
BRDA:104,19,1,3
BRDA:104,19,2,3
BRDA:104,19,3,3
BRDA:104,19,4,3
BRDA:104,19,5,3
BRF:42
BRH:42
end_of_record
TN:
SF:app\api\profiles\me\photo\route.ts
FN:11,POST
FN:53,(anonymous_5)
FN:89,DELETE
FN:111,(anonymous_7)
FNF:4
FNH:2
FNDA:7,POST
FNDA:0,(anonymous_5)
FNDA:5,DELETE
FNDA:0,(anonymous_7)
DA:1,1
DA:2,1
DA:3,1
DA:4,1
DA:6,1
DA:8,1
DA:9,1
DA:11,7
DA:12,7
DA:13,7
DA:14,6
DA:15,6
DA:17,6
DA:18,6
DA:19,6
DA:21,6
DA:22,1
DA:28,5
DA:29,1
DA:35,4
DA:36,1
DA:42,3
DA:45,3
DA:50,2
DA:51,1
DA:52,1
DA:53,1
DA:58,2
DA:63,2
DA:70,2
DA:76,2
DA:81,1
DA:82,1
DA:89,5
DA:90,5
DA:91,5
DA:92,4
DA:93,4
DA:95,4
DA:96,4
DA:101,3
DA:102,1
DA:109,2
DA:110,2
DA:111,2
DA:115,2
DA:121,2
DA:127,2
DA:129,1
DA:130,1
LF:50
LH:50
BRDA:13,0,0,1
BRDA:21,1,0,1
BRDA:28,2,0,1
BRDA:35,3,0,1
BRDA:50,4,0,1
BRDA:52,5,0,1
BRDA:91,6,0,1
BRDA:101,7,0,1
BRDA:110,8,0,2
BRF:9
BRH:9
end_of_record
TN:
SF:app\api\profiles\progress-photos\route.ts
FN:12,GET
FN:34,POST
FN:106,DELETE
FN:137,(anonymous_8)
FN:142,(anonymous_9)
FNF:5
FNH:3
FNDA:5,GET
FNDA:8,POST
FNDA:6,DELETE
FNDA:0,(anonymous_8)
FNDA:0,(anonymous_9)
DA:1,1
DA:2,1
DA:3,1
DA:4,1
DA:6,1
DA:8,1
DA:9,1
DA:10,1
DA:12,5
DA:13,5
DA:14,5
DA:15,4
DA:16,4
DA:18,4
DA:19,4
DA:24,3
DA:26,1
DA:27,1
DA:34,8
DA:35,8
DA:36,8
DA:37,7
DA:38,7
DA:40,7
DA:41,7
DA:42,7
DA:43,7
DA:44,7
DA:45,7
DA:47,7
DA:48,1
DA:54,6
DA:55,1
DA:61,5
DA:62,1
DA:68,4
DA:69,1
DA:75,3
DA:78,3
DA:81,2
DA:85,2
DA:96,2
DA:98,1
DA:99,1
DA:106,6
DA:107,6
DA:108,6
DA:109,5
DA:110,5
DA:112,5
DA:113,5
DA:114,5
DA:116,5
DA:117,1
DA:123,4
DA:127,3
DA:128,1
DA:135,2
DA:136,2
DA:137,2
DA:139,2
DA:140,2
DA:141,2
DA:142,2
DA:146,2
DA:148,2
DA:150,1
DA:151,1
LF:68
LH:68
BRDA:14,0,0,1
BRDA:36,1,0,1
BRDA:43,2,0,7
BRDA:43,2,1,5
BRDA:47,3,0,1
BRDA:54,4,0,1
BRDA:61,5,0,1
BRDA:68,6,0,1
BRDA:91,7,0,2
BRDA:91,7,1,1
BRDA:92,8,0,1
BRDA:92,8,1,1
BRDA:108,9,0,1
BRDA:116,10,0,1
BRDA:127,11,0,1
BRDA:136,12,0,2
BRDA:139,13,0,2
BRDA:141,14,0,2
BRF:18
BRH:18
end_of_record
TN:
SF:app\api\programs\route.ts
FN:62,GET
FN:126,POST
FN:147,(anonymous_6)
FN:153,(anonymous_7)
FN:161,(anonymous_8)
FNF:5
FNH:5
FNDA:7,GET
FNDA:11,POST
FNDA:1,(anonymous_6)
FNDA:1,(anonymous_7)
FNDA:1,(anonymous_8)
DA:8,1
DA:9,1
DA:10,1
DA:11,1
DA:13,1
DA:15,1
DA:62,7
DA:63,7
DA:64,7
DA:65,7
DA:66,6
DA:68,6
DA:69,6
DA:71,6
DA:111,5
DA:117,1
DA:118,1
DA:126,11
DA:127,11
DA:128,11
DA:129,11
DA:130,10
DA:132,10
DA:133,10
DA:135,6
DA:147,1
DA:153,1
DA:161,1
DA:195,5
DA:200,5
DA:201,4
DA:206,1
DA:207,1
LF:33
LH:33
BRDA:65,0,0,1
BRDA:74,1,0,1
BRDA:74,1,1,5
BRDA:119,2,0,1
BRDA:119,2,1,0
BRDA:129,3,0,1
BRDA:143,4,0,6
BRDA:143,4,1,5
BRDA:144,5,0,6
BRDA:144,5,1,5
BRDA:145,6,0,6
BRDA:145,6,1,5
BRDA:146,7,0,1
BRDA:146,7,1,5
BRDA:151,8,0,1
BRDA:151,8,1,1
BRDA:152,9,0,1
BRDA:152,9,1,0
BRDA:159,10,0,1
BRDA:159,10,1,1
BRDA:160,11,0,1
BRDA:160,11,1,0
BRDA:165,12,0,1
BRDA:165,12,1,0
BRDA:167,13,0,0
BRDA:167,13,1,1
BRDA:200,14,0,4
BRDA:208,15,0,1
BRDA:208,15,1,0
BRF:29
BRH:23
end_of_record
TN:
SF:app\api\programs\[id]\route.ts
FN:31,GET
FN:110,PUT
FN:186,DELETE
FNF:3
FNH:3
FNDA:6,GET
FNDA:8,PUT
FNDA:6,DELETE
DA:9,1
DA:10,1
DA:11,1
DA:12,1
DA:14,1
DA:16,1
DA:31,6
DA:35,6
DA:36,6
DA:37,6
DA:38,5
DA:40,5
DA:42,5
DA:43,5
DA:44,1
DA:50,4
DA:92,3
DA:93,2
DA:99,1
DA:101,1
DA:102,1
DA:110,8
DA:114,8
DA:115,8
DA:116,8
DA:117,7
DA:119,7
DA:120,7
DA:121,7
DA:124,5
DA:128,5
DA:129,2
DA:135,3
DA:165,2
DA:171,3
DA:172,2
DA:177,1
DA:178,1
DA:186,6
DA:190,6
DA:191,6
DA:192,6
DA:193,5
DA:195,5
DA:198,5
DA:202,5
DA:203,2
DA:209,3
DA:211,2
DA:216,1
DA:217,1
LF:51
LH:51
BRDA:37,0,0,1
BRDA:43,1,0,1
BRDA:92,2,0,2
BRDA:103,3,0,1
BRDA:103,3,1,0
BRDA:116,4,0,1
BRDA:128,5,0,2
BRDA:171,6,0,2
BRDA:179,7,0,1
BRDA:179,7,1,0
BRDA:192,8,0,1
BRDA:202,9,0,2
BRDA:218,10,0,1
BRDA:218,10,1,0
BRF:14
BRH:11
end_of_record
TN:
SF:app\api\programs\[id]\assign\route.ts
FN:21,POST
FNF:1
FNH:1
FNDA:11,POST
DA:7,1
DA:8,1
DA:9,1
DA:10,1
DA:11,1
DA:13,1
DA:15,1
DA:21,11
DA:25,11
DA:26,11
DA:27,11
DA:28,10
DA:30,10
DA:31,10
DA:32,10
DA:35,7
DA:39,7
DA:40,1
DA:47,6
DA:55,6
DA:56,2
DA:63,4
DA:64,4
DA:65,4
DA:67,4
DA:92,3
DA:93,3
DA:96,3
DA:101,4
DA:102,3
DA:107,1
DA:108,1
LF:32
LH:32
BRDA:27,0,0,1
BRDA:39,1,0,1
BRDA:55,2,0,2
BRDA:101,3,0,3
BRDA:109,4,0,1
BRDA:109,4,1,0
BRF:6
BRH:5
end_of_record
TN:
SF:app\api\programs\[id]\duplicate\route.ts
FN:19,POST
FNF:1
FNH:1
FNDA:9,POST
DA:7,1
DA:8,1
DA:9,1
DA:10,1
DA:12,1
DA:14,1
DA:19,9
DA:23,9
DA:24,9
DA:25,9
DA:26,8
DA:28,8
DA:29,8
DA:30,8
DA:33,7
DA:52,7
DA:53,1
DA:60,6
DA:75,5
DA:76,2
DA:86,2
DA:87,2
DA:99,2
DA:100,2
DA:111,2
DA:112,1
DA:113,1
DA:134,5
DA:154,5
DA:159,2
DA:160,1
DA:165,1
DA:166,1
LF:33
LH:33
BRDA:25,0,0,1
BRDA:52,1,0,1
BRDA:63,2,0,6
BRDA:63,2,1,5
BRDA:106,3,0,2
BRDA:106,3,1,0
BRDA:111,4,0,1
BRDA:111,5,0,2
BRDA:111,5,1,2
BRDA:159,6,0,1
BRDA:167,7,0,1
BRDA:167,7,1,0
BRF:12
BRH:10
end_of_record
TN:
SF:app\api\programs\templates\route.ts
FN:14,GET
FNF:1
FNH:1
FNDA:8,GET
DA:7,1
DA:8,1
DA:9,1
DA:11,1
DA:14,8
DA:15,8
DA:16,8
DA:17,8
DA:19,7
DA:20,7
DA:22,7
DA:62,6
DA:68,1
DA:69,1
LF:14
LH:14
BRDA:17,0,0,1
BRDA:25,1,0,7
BRDA:25,1,1,1
BRDA:70,2,0,1
BRDA:70,2,1,0
BRF:5
BRH:4
end_of_record
TN:
SF:app\api\schedule\appointments\route.ts
FN:31,GET
FN:100,POST
FNF:2
FNH:2
FNDA:6,GET
FNDA:7,POST
DA:8,1
DA:9,1
DA:10,1
DA:11,1
DA:13,1
DA:15,1
DA:31,6
DA:32,6
DA:33,6
DA:34,6
DA:35,5
DA:37,5
DA:38,5
DA:39,5
DA:40,5
DA:41,5
DA:42,5
DA:44,5
DA:59,5
DA:85,5
DA:91,0
DA:92,0
DA:100,7
DA:101,7
DA:102,7
DA:103,7
DA:104,7
DA:106,7
DA:107,1
DA:113,6
DA:114,6
DA:116,5
DA:117,5
DA:119,5
DA:120,1
DA:127,4
DA:132,4
DA:143,4
DA:144,1
DA:151,3
DA:152,3
DA:153,3
DA:155,3
DA:165,3
DA:166,1
DA:172,2
DA:198,2
DA:203,1
DA:204,1
DA:209,0
DA:210,0
LF:51
LH:47
BRDA:34,0,0,1
BRDA:41,1,0,5
BRDA:41,1,1,4
BRDA:42,2,0,5
BRDA:42,2,1,4
BRDA:45,3,0,1
BRDA:45,3,1,4
BRDA:48,4,0,5
BRDA:48,4,1,1
BRDA:49,5,0,1
BRDA:49,5,1,4
BRDA:49,6,0,5
BRDA:49,6,1,4
BRDA:52,7,0,1
BRDA:52,7,1,1
BRDA:53,8,0,1
BRDA:53,8,1,1
BRDA:93,9,0,0
BRDA:93,9,1,0
BRDA:103,10,0,0
BRDA:106,11,0,1
BRDA:106,12,0,7
BRDA:106,12,1,1
BRDA:119,13,0,1
BRDA:143,14,0,1
BRDA:165,15,0,1
BRDA:183,16,0,2
BRDA:183,16,1,2
BRDA:203,17,0,1
BRDA:211,18,0,0
BRDA:211,18,1,0
BRF:31
BRH:26
end_of_record
TN:
SF:app\api\schedule\appointments\[id]\route.ts
FN:38,GET
FN:93,PUT
FN:203,DELETE
FNF:3
FNH:3
FNDA:3,GET
FNDA:6,PUT
FNDA:8,DELETE
DA:9,1
DA:10,1
DA:11,1
DA:12,1
DA:14,1
DA:16,1
DA:33,1
DA:38,3
DA:42,3
DA:43,3
DA:44,3
DA:45,3
DA:47,3
DA:67,3
DA:68,1
DA:75,2
DA:76,1
DA:82,1
DA:84,0
DA:85,0
DA:93,6
DA:97,6
DA:98,6
DA:99,6
DA:100,6
DA:102,6
DA:106,6
DA:107,1
DA:113,5
DA:114,1
DA:120,4
DA:121,4
DA:123,4
DA:125,4
DA:126,4
DA:127,4
DA:128,4
DA:129,4
DA:130,4
DA:131,4
DA:132,4
DA:135,4
DA:136,3
DA:137,3
DA:139,3
DA:140,1
DA:147,2
DA:159,2
DA:160,1
DA:166,1
DA:167,1
DA:168,1
DA:173,2
DA:182,2
DA:188,0
DA:189,0
DA:194,0
DA:195,0
DA:203,8
DA:207,8
DA:208,8
DA:209,8
DA:210,8
DA:212,8
DA:216,8
DA:217,1
DA:224,7
DA:225,1
DA:232,6
DA:233,6
DA:234,1
DA:235,1
DA:240,6
DA:250,6
DA:251,6
DA:253,6
DA:262,0
DA:263,0
LF:78
LH:70
BRDA:44,0,0,0
BRDA:67,1,0,1
BRDA:75,2,0,1
BRDA:75,3,0,2
BRDA:75,3,1,1
BRDA:75,3,2,1
BRDA:86,4,0,0
BRDA:86,4,1,0
BRDA:99,5,0,0
BRDA:106,6,0,1
BRDA:113,7,0,1
BRDA:113,8,0,5
BRDA:113,8,1,1
BRDA:125,9,0,1
BRDA:126,10,0,0
BRDA:127,11,0,0
BRDA:128,12,0,0
BRDA:129,13,0,0
BRDA:130,14,0,0
BRDA:131,15,0,0
BRDA:132,16,0,1
BRDA:135,17,0,3
BRDA:135,18,0,4
BRDA:135,18,1,1
BRDA:136,19,0,3
BRDA:136,19,1,0
BRDA:137,20,0,3
BRDA:137,20,1,0
BRDA:139,21,0,1
BRDA:159,22,0,1
BRDA:188,23,0,0
BRDA:196,24,0,0
BRDA:196,24,1,0
BRDA:209,25,0,0
BRDA:216,26,0,1
BRDA:224,27,0,1
BRDA:224,28,0,7
BRDA:224,28,1,2
BRDA:224,28,2,1
BRDA:245,29,0,6
BRDA:245,29,1,5
BRDA:251,30,0,6
BRDA:251,30,1,1
BRDA:258,31,0,6
BRDA:258,31,1,1
BRDA:264,32,0,0
BRDA:264,32,1,0
BRF:47
BRH:29
end_of_record
TN:
SF:app\api\schedule\availability\route.ts
FN:31,GET
FN:56,POST
FN:84,(anonymous_7)
FN:130,DELETE
FNF:4
FNH:4
FNDA:2,GET
FNDA:4,POST
FNDA:2,(anonymous_7)
FNDA:3,DELETE
DA:9,1
DA:10,1
DA:11,1
DA:12,1
DA:14,1
DA:16,1
DA:26,1
DA:31,2
DA:32,2
DA:33,2
DA:34,2
DA:35,2
DA:37,2
DA:38,2
DA:40,2
DA:45,2
DA:47,0
DA:48,0
DA:56,4
DA:57,4
DA:58,4
DA:59,4
DA:60,4
DA:62,4
DA:63,1
DA:69,3
DA:70,3
DA:73,2
DA:74,3
DA:75,1
DA:83,1
DA:85,2
DA:110,1
DA:115,1
DA:116,1
DA:121,0
DA:122,0
DA:130,3
DA:131,3
DA:132,3
DA:133,3
DA:134,3
DA:136,3
DA:137,1
DA:143,2
DA:144,2
DA:147,2
DA:151,2
DA:152,1
DA:158,1
DA:162,1
DA:164,0
DA:165,0
DA:170,0
DA:171,0
LF:55
LH:47
BRDA:34,0,0,0
BRDA:38,1,0,2
BRDA:38,1,1,1
BRDA:49,2,0,0
BRDA:49,2,1,0
BRDA:59,3,0,0
BRDA:62,4,0,1
BRDA:62,5,0,4
BRDA:62,5,1,1
BRDA:74,6,0,1
BRDA:95,7,0,2
BRDA:95,7,1,0
BRDA:103,8,0,2
BRDA:103,8,1,0
BRDA:115,9,0,1
BRDA:123,10,0,0
BRDA:123,10,1,0
BRDA:133,11,0,0
BRDA:136,12,0,1
BRDA:136,13,0,3
BRDA:136,13,1,1
BRDA:151,14,0,1
BRDA:151,15,0,2
BRDA:151,15,1,2
BRDA:164,16,0,0
BRDA:172,17,0,0
BRDA:172,17,1,0
BRF:27
BRH:15
end_of_record
TN:
SF:app\api\schedule\slots\route.ts
FN:14,GET
FN:106,(anonymous_4)
FNF:2
FNH:2
FNDA:8,GET
FNDA:6,(anonymous_4)
DA:7,1
DA:8,1
DA:9,1
DA:11,1
DA:14,8
DA:15,8
DA:16,8
DA:17,8
DA:19,8
DA:20,8
DA:21,8
DA:22,8
DA:24,8
DA:25,2
DA:31,6
DA:32,6
DA:33,1
DA:39,5
DA:42,5
DA:51,5
DA:52,1
DA:60,4
DA:61,4
DA:62,4
DA:63,4
DA:65,4
DA:80,4
DA:82,4
DA:83,4
DA:84,4
DA:86,4
DA:87,4
DA:89,4
DA:90,13
DA:91,13
DA:92,13
DA:93,13
DA:94,13
DA:96,13
DA:97,13
DA:100,13
DA:101,13
DA:102,13
DA:103,13
DA:106,13
DA:107,6
DA:108,6
DA:109,6
DA:112,13
DA:118,13
DA:122,4
DA:128,0
DA:129,0
LF:53
LH:51
BRDA:17,0,0,0
BRDA:22,1,0,8
BRDA:22,1,1,3
BRDA:24,2,0,2
BRDA:24,3,0,8
BRDA:24,3,1,7
BRDA:32,4,0,1
BRDA:51,5,0,1
BRDA:109,6,0,6
BRDA:109,6,1,5
BRDA:130,7,0,0
BRDA:130,7,1,0
BRF:12
BRH:9
end_of_record
TN:
SF:app\api\workouts\route.ts
FN:23,GET
FN:116,POST
FN:209,(anonymous_6)
FN:214,(anonymous_7)
FN:220,(anonymous_8)
FNF:5
FNH:5
FNDA:8,GET
FNDA:8,POST
FNDA:2,(anonymous_6)
FNDA:2,(anonymous_7)
FNDA:4,(anonymous_8)
DA:8,1
DA:9,1
DA:10,1
DA:11,1
DA:13,1
DA:15,1
DA:23,8
DA:24,8
DA:25,8
DA:26,8
DA:27,7
DA:29,7
DA:30,7
DA:31,7
DA:32,7
DA:33,7
DA:34,7
DA:36,7
DA:51,7
DA:96,6
DA:107,1
DA:108,1
DA:116,8
DA:117,8
DA:118,8
DA:119,8
DA:120,7
DA:122,7
DA:123,7
DA:125,6
DA:126,6
DA:128,6
DA:129,1
DA:133,6
DA:143,5
DA:144,1
DA:151,4
DA:167,4
DA:168,1
DA:174,3
DA:177,3
DA:186,3
DA:187,1
DA:195,2
DA:196,1
DA:200,2
DA:209,2
DA:214,2
DA:220,4
DA:268,2
DA:277,2
DA:278,1
DA:283,1
DA:284,1
LF:54
LH:54
BRDA:26,0,0,1
BRDA:31,1,0,7
BRDA:31,1,1,6
BRDA:32,2,0,7
BRDA:32,2,1,6
BRDA:37,3,0,5
BRDA:37,3,1,2
BRDA:40,4,0,7
BRDA:40,4,1,1
BRDA:41,5,0,1
BRDA:41,5,1,6
BRDA:41,6,0,7
BRDA:41,6,1,6
BRDA:44,7,0,1
BRDA:44,7,1,1
BRDA:45,8,0,1
BRDA:45,8,1,1
BRDA:72,9,0,2
BRDA:72,9,1,5
BRDA:119,10,0,1
BRDA:128,11,0,1
BRDA:128,12,0,6
BRDA:128,12,1,1
BRDA:137,13,0,1
BRDA:137,13,1,5
BRDA:143,14,0,1
BRDA:167,15,0,1
BRDA:186,16,0,1
BRDA:195,17,0,1
BRDA:277,18,0,1
BRF:30
BRH:30
end_of_record
TN:
SF:app\api\workouts\[id]\route.ts
FN:16,GET
FN:86,PUT
FN:165,DELETE
FNF:3
FNH:3
FNDA:5,GET
FNDA:6,PUT
FNDA:4,DELETE
DA:9,1
DA:10,1
DA:11,1
DA:13,1
DA:16,5
DA:20,5
DA:21,5
DA:22,5
DA:23,4
DA:25,4
DA:27,4
DA:68,3
DA:69,1
DA:75,2
DA:77,1
DA:78,1
DA:86,6
DA:90,6
DA:91,6
DA:92,6
DA:93,5
DA:95,5
DA:96,5
DA:99,5
DA:109,5
DA:110,1
DA:117,4
DA:128,4
DA:129,4
DA:130,4
DA:131,4
DA:132,4
DA:134,4
DA:150,3
DA:156,1
DA:157,1
DA:165,4
DA:169,4
DA:170,4
DA:171,4
DA:172,3
DA:174,3
DA:177,3
DA:187,3
DA:188,1
DA:195,2
DA:197,1
DA:202,1
DA:203,1
LF:49
LH:49
BRDA:22,0,0,1
BRDA:32,1,0,1
BRDA:32,1,1,3
BRDA:68,2,0,1
BRDA:92,3,0,1
BRDA:104,4,0,0
BRDA:104,4,1,5
BRDA:109,5,0,1
BRDA:119,6,0,4
BRDA:119,6,1,1
BRDA:122,7,0,4
BRDA:122,7,1,1
BRDA:171,8,0,1
BRDA:182,9,0,0
BRDA:182,9,1,3
BRDA:187,10,0,1
BRF:16
BRH:14
end_of_record
TN:
SF:app\api\workouts\[id]\complete\route.ts
FN:24,POST
FN:140,(anonymous_4)
FN:145,(anonymous_5)
FN:146,(anonymous_6)
FNF:4
FNH:4
FNDA:30,POST
FNDA:94,(anonymous_4)
FNDA:79,(anonymous_5)
FNDA:77,(anonymous_6)
DA:7,1
DA:8,1
DA:9,1
DA:10,1
DA:11,1
DA:13,1
DA:15,1
DA:24,30
DA:28,30
DA:29,30
DA:30,30
DA:31,29
DA:33,29
DA:34,29
DA:35,29
DA:38,27
DA:45,26
DA:46,2
DA:52,24
DA:55,24
DA:63,24
DA:74,24
DA:85,24
DA:94,24
DA:98,24
DA:127,24
DA:128,24
DA:132,23
DA:136,24
DA:137,24
DA:138,35
DA:140,94
DA:141,33
DA:143,32
DA:145,79
DA:146,77
DA:149,32
DA:150,32
DA:151,32
DA:152,79
DA:153,79
DA:154,79
DA:155,77
DA:160,32
DA:162,32
DA:163,31
DA:173,32
DA:174,31
DA:184,32
DA:185,32
DA:195,32
DA:196,32
DA:200,1
DA:203,24
DA:209,3
DA:210,2
DA:215,1
DA:216,1
LF:58
LH:58
BRDA:30,0,0,1
BRDA:45,1,0,2
BRDA:52,2,0,2
BRDA:52,2,1,22
BRDA:85,3,0,23
BRDA:85,3,1,1
BRDA:85,4,0,24
BRDA:85,4,1,23
BRDA:94,5,0,23
BRDA:94,5,1,1
BRDA:105,6,0,24
BRDA:105,6,1,5
BRDA:106,7,0,24
BRDA:106,7,1,5
BRDA:108,8,0,24
BRDA:108,8,1,2
BRDA:109,9,0,24
BRDA:109,9,1,2
BRDA:110,10,0,24
BRDA:110,10,1,2
BRDA:111,11,0,24
BRDA:111,11,1,2
BRDA:132,12,0,23
BRDA:132,12,1,10
BRDA:138,13,0,2
BRDA:138,14,0,35
BRDA:138,14,1,34
BRDA:141,15,0,1
BRDA:152,16,0,79
BRDA:154,17,0,77
BRDA:162,18,0,31
BRDA:162,19,0,32
BRDA:162,19,1,31
BRDA:173,20,0,31
BRDA:184,21,0,32
BRDA:195,22,0,32
BRDA:209,23,0,2
BRF:37
BRH:37
end_of_record
TN:
SF:app\api\workouts\[id]\sets\route.ts
FN:30,GET
FN:96,POST
FN:183,(anonymous_6)
FNF:3
FNH:3
FNDA:5,GET
FNDA:13,POST
FNDA:4,(anonymous_6)
DA:8,1
DA:9,1
DA:10,1
DA:11,1
DA:13,1
DA:15,1
DA:30,5
DA:34,5
DA:35,5
DA:36,5
DA:37,4
DA:39,4
DA:42,4
DA:52,3
DA:53,1
DA:59,2
DA:85,2
DA:87,1
DA:88,1
DA:96,13
DA:100,13
DA:101,13
DA:102,13
DA:103,12
DA:105,12
DA:106,12
DA:107,12
DA:110,9
DA:117,8
DA:118,1
DA:125,7
DA:132,7
DA:133,1
DA:140,6
DA:176,6
DA:183,6
DA:184,4
DA:185,3
DA:187,1
DA:190,6
DA:191,2
DA:198,6
DA:205,6
DA:210,6
DA:216,4
DA:217,3
DA:222,1
DA:223,1
LF:48
LH:48
BRDA:36,0,0,1
BRDA:47,1,0,1
BRDA:47,1,1,3
BRDA:52,2,0,1
BRDA:102,3,0,1
BRDA:117,4,0,1
BRDA:132,5,0,1
BRDA:148,6,0,6
BRDA:148,6,1,5
BRDA:149,7,0,6
BRDA:149,7,1,5
BRDA:150,8,0,6
BRDA:150,8,1,6
BRDA:151,9,0,6
BRDA:151,9,1,0
BRDA:152,10,0,6
BRDA:152,10,1,0
BRDA:153,11,0,6
BRDA:153,11,1,0
BRDA:154,12,0,6
BRDA:154,12,1,0
BRDA:155,13,0,6
BRDA:155,13,1,6
BRDA:156,14,0,6
BRDA:156,14,1,0
BRDA:157,15,0,5
BRDA:157,15,1,1
BRDA:162,16,0,6
BRDA:162,16,1,1
BRDA:163,17,0,6
BRDA:163,17,1,1
BRDA:169,18,0,6
BRDA:169,18,1,1
BRDA:171,19,0,5
BRDA:171,19,1,1
BRDA:184,20,0,3
BRDA:184,21,0,4
BRDA:184,21,1,3
BRDA:190,22,0,2
BRDA:216,23,0,3
BRF:40
BRH:35
end_of_record
TN:
SF:app\api\workouts\active\route.ts
FN:14,GET
FNF:1
FNH:1
FNDA:6,GET
DA:7,1
DA:8,1
DA:9,1
DA:11,1
DA:14,6
DA:15,6
DA:16,6
DA:17,6
DA:18,5
DA:20,5
DA:59,4
DA:60,3
DA:67,1
DA:69,1
DA:70,1
LF:15
LH:15
BRDA:17,0,0,1
BRDA:59,1,0,3
BRF:2
BRH:2
end_of_record
TN:
SF:app\api\workouts\history\route.ts
FN:14,GET
FNF:1
FNH:1
FNDA:11,GET
DA:7,1
DA:8,1
DA:9,1
DA:11,1
DA:14,11
DA:15,11
DA:16,11
DA:17,11
DA:18,10
DA:20,10
DA:21,10
DA:22,10
DA:23,10
DA:24,10
DA:25,10
DA:28,10
DA:29,10
DA:30,1
DA:33,10
DA:48,10
DA:109,9
DA:120,1
DA:121,1
LF:23
LH:23
BRDA:17,0,0,1
BRDA:21,1,0,10
BRDA:21,1,1,9
BRDA:22,2,0,10
BRDA:22,2,1,9
BRDA:29,3,0,1
BRDA:29,4,0,10
BRDA:29,4,1,3
BRDA:34,5,0,2
BRDA:34,5,1,8
BRDA:34,6,0,10
BRDA:34,6,1,3
BRDA:38,7,0,1
BRDA:38,7,1,9
BRDA:38,8,0,10
BRDA:38,8,1,9
BRDA:41,9,0,1
BRDA:41,9,1,1
BRDA:42,10,0,1
BRDA:42,10,1,1
BRDA:85,11,0,3
BRDA:85,11,1,7
BRF:22
BRH:22
end_of_record
TN:
SF:app\api\workouts\progress\route.ts
FN:14,GET
FN:108,(anonymous_4)
FN:148,(anonymous_5)
FN:159,(anonymous_6)
FN:180,(anonymous_7)
FN:184,(anonymous_8)
FN:188,(anonymous_9)
FN:190,(anonymous_10)
FNF:8
FNH:8
FNDA:14,GET
FNDA:16,(anonymous_4)
FNDA:9,(anonymous_5)
FNDA:9,(anonymous_6)
FNDA:16,(anonymous_7)
FNDA:16,(anonymous_8)
FNDA:9,(anonymous_9)
FNDA:8,(anonymous_10)
DA:7,1
DA:8,1
DA:9,1
DA:11,1
DA:14,14
DA:15,14
DA:16,14
DA:17,14
DA:18,13
DA:20,13
DA:21,13
DA:26,13
DA:27,13
DA:28,13
DA:31,13
DA:32,13
DA:33,13
DA:35,13
DA:36,12
DA:38,1
DA:39,1
DA:41,9
DA:46,9
DA:48,1
DA:53,1
DA:55,1
DA:60,1
DA:65,13
DA:67,13
DA:77,13
DA:97,12
DA:108,16
DA:114,12
DA:132,12
DA:148,12
DA:156,12
DA:159,9
DA:169,12
DA:180,16
DA:184,16
DA:189,9
DA:190,8
DA:192,9
DA:203,1
DA:204,1
LF:45
LH:45
BRDA:17,0,0,1
BRDA:21,1,0,13
BRDA:21,1,1,10
BRDA:32,2,0,1
BRDA:32,2,1,12
BRDA:33,3,0,1
BRDA:33,3,1,12
BRDA:35,4,0,12
BRDA:36,5,0,1
BRDA:36,5,1,9
BRDA:36,5,2,1
BRDA:36,5,3,1
BRDA:65,6,0,1
BRDA:65,6,1,12
BRDA:65,7,0,13
BRDA:65,7,1,2
BRDA:156,8,0,9
BRDA:156,8,1,3
BRDA:194,9,0,9
BRDA:194,9,1,1
BRDA:195,10,0,9
BRDA:195,10,1,1
BRF:22
BRH:22
end_of_record
