TN:
SF:components\features\ExerciseLibrary\CollectionManager.tsx
FN:6,CollectionManager
FNF:1
FNH:1
FNDA:4,CollectionManager
DA:3,1
DA:4,1
DA:6,4
LF:3
LH:3
BRF:0
BRH:0
end_of_record
TN:
SF:components\features\ExerciseLibrary\ExerciseCard.tsx
FN:30,ExerciseCard
FN:48,(anonymous_3)
FN:50,(anonymous_4)
FN:60,(anonymous_5)
FN:67,(anonymous_6)
FN:71,(anonymous_7)
FN:76,(anonymous_8)
FN:82,(anonymous_9)
FN:88,(anonymous_10)
FN:94,(anonymous_11)
FN:98,(anonymous_12)
FN:122,(anonymous_13)
FN:123,(anonymous_14)
FN:157,(anonymous_15)
FN:224,(anonymous_16)
FN:225,(anonymous_17)
FN:300,(anonymous_18)
FN:323,(anonymous_19)
FNF:18
FNH:11
FNDA:27,ExerciseCard
FNDA:27,(anonymous_3)
FNDA:0,(anonymous_4)
FNDA:27,(anonymous_5)
FNDA:0,(anonymous_6)
FNDA:0,(anonymous_7)
FNDA:2,(anonymous_8)
FNDA:2,(anonymous_9)
FNDA:2,(anonymous_10)
FNDA:27,(anonymous_11)
FNDA:27,(anonymous_12)
FNDA:0,(anonymous_13)
FNDA:0,(anonymous_14)
FNDA:18,(anonymous_15)
FNDA:0,(anonymous_16)
FNDA:0,(anonymous_17)
FNDA:42,(anonymous_18)
FNDA:42,(anonymous_19)
DA:3,1
DA:4,1
DA:5,1
DA:17,1
DA:30,27
DA:39,27
DA:40,27
DA:41,27
DA:42,27
DA:43,27
DA:44,27
DA:45,27
DA:48,27
DA:49,27
DA:51,0
DA:54,27
DA:55,0
DA:57,27
DA:60,27
DA:61,27
DA:62,0
DA:67,27
DA:68,0
DA:71,27
DA:72,0
DA:73,0
DA:76,27
DA:77,2
DA:78,2
DA:79,2
DA:82,27
DA:83,2
DA:84,2
DA:85,2
DA:88,27
DA:89,2
DA:90,2
DA:91,2
DA:94,27
DA:95,27
DA:98,27
DA:100,27
DA:103,27
DA:122,0
DA:123,0
DA:158,18
DA:224,0
DA:225,0
DA:301,42
DA:324,42
LF:50
LH:40
BRDA:32,0,0,21
BRDA:37,1,0,26
BRDA:49,2,0,0
BRDA:49,2,1,27
BRDA:54,3,0,0
BRDA:61,4,0,0
BRDA:100,5,0,0
BRDA:100,5,1,27
BRDA:103,6,0,6
BRDA:116,7,0,0
BRDA:116,7,1,6
BRDA:116,8,0,6
BRDA:116,8,1,0
BRDA:120,9,0,0
BRDA:120,9,1,6
BRDA:126,10,0,6
BRDA:131,11,0,6
BRDA:149,12,0,6
BRDA:149,12,1,6
BRDA:165,13,0,6
BRDA:178,14,0,0
BRDA:178,14,1,6
BRDA:183,15,0,0
BRDA:183,15,1,6
BRDA:218,16,0,0
BRDA:218,16,1,21
BRDA:218,17,0,21
BRDA:218,17,1,0
BRDA:222,18,0,0
BRDA:222,18,1,21
BRDA:230,19,0,21
BRDA:237,20,0,21
BRDA:250,21,0,1
BRDA:250,21,1,20
BRDA:253,22,0,0
BRDA:253,22,1,21
BRDA:255,23,0,1
BRDA:255,23,1,20
BRDA:261,24,0,0
BRDA:261,24,1,21
BRDA:287,25,0,21
BRDA:289,26,0,18
BRDA:289,26,1,2
BRDA:290,27,0,1
BRDA:290,27,1,1
BRDA:308,28,0,21
BRDA:331,29,0,21
BRF:47
BRH:33
end_of_record
TN:
SF:components\features\ExerciseLibrary\ExerciseCardMobile.tsx
FN:36,ExerciseCardMobile
FN:62,(anonymous_3)
FN:67,(anonymous_4)
FN:72,(anonymous_5)
FN:78,(anonymous_6)
FN:85,(anonymous_7)
FN:91,(anonymous_8)
FN:97,(anonymous_9)
FN:100,(anonymous_10)
FN:108,(anonymous_11)
FN:120,(anonymous_12)
FN:131,(anonymous_13)
FN:142,(anonymous_14)
FN:146,(anonymous_15)
FN:151,(anonymous_16)
FN:159,(anonymous_17)
FN:177,(anonymous_18)
FN:209,(anonymous_19)
FN:210,(anonymous_20)
FN:253,(anonymous_21)
FN:328,(anonymous_22)
FN:329,(anonymous_23)
FN:431,(anonymous_24)
FNF:23
FNH:10
FNDA:40,ExerciseCardMobile
FNDA:0,(anonymous_3)
FNDA:0,(anonymous_4)
FNDA:0,(anonymous_5)
FNDA:0,(anonymous_6)
FNDA:0,(anonymous_7)
FNDA:0,(anonymous_8)
FNDA:0,(anonymous_9)
FNDA:0,(anonymous_10)
FNDA:3,(anonymous_11)
FNDA:0,(anonymous_12)
FNDA:0,(anonymous_13)
FNDA:39,(anonymous_14)
FNDA:40,(anonymous_15)
FNDA:38,(anonymous_16)
FNDA:80,(anonymous_17)
FNDA:0,(anonymous_18)
FNDA:0,(anonymous_19)
FNDA:0,(anonymous_20)
FNDA:10,(anonymous_21)
FNDA:1,(anonymous_22)
FNDA:1,(anonymous_23)
FNDA:70,(anonymous_24)
DA:3,1
DA:4,1
DA:5,1
DA:16,1
DA:18,1
DA:36,38
DA:45,40
DA:46,40
DA:47,40
DA:48,40
DA:49,40
DA:51,40
DA:52,40
DA:53,40
DA:54,40
DA:55,40
DA:58,40
DA:62,0
DA:67,0
DA:72,0
DA:77,40
DA:79,0
DA:81,0
DA:82,0
DA:86,0
DA:87,0
DA:88,0
DA:92,0
DA:93,0
DA:94,0
DA:98,0
DA:100,0
DA:108,40
DA:109,3
DA:110,3
DA:111,3
DA:113,3
DA:115,0
DA:116,0
DA:120,40
DA:121,0
DA:122,0
DA:123,0
DA:125,0
DA:126,0
DA:127,0
DA:131,40
DA:132,0
DA:133,0
DA:134,0
DA:136,0
DA:137,0
DA:138,0
DA:142,40
DA:143,39
DA:146,40
DA:147,40
DA:151,40
DA:152,38
DA:154,38
DA:159,40
DA:161,80
DA:162,80
DA:166,80
DA:167,80
DA:171,40
DA:178,0
DA:209,0
DA:210,0
DA:254,10
DA:328,1
DA:329,1
DA:432,70
LF:73
LH:42
BRDA:38,0,0,35
BRDA:42,1,0,39
BRDA:43,2,0,40
BRDA:60,3,0,1
BRDA:60,3,1,39
BRDA:61,4,0,1
BRDA:61,4,1,39
BRDA:79,5,0,0
BRDA:79,6,0,0
BRDA:79,6,1,0
BRDA:86,7,0,0
BRDA:86,8,0,0
BRDA:86,8,1,0
BRDA:86,8,2,0
BRDA:92,9,0,0
BRDA:92,10,0,0
BRDA:92,10,1,0
BRDA:98,11,0,0
BRDA:113,12,0,0
BRDA:125,13,0,0
BRDA:136,14,0,0
BRDA:147,15,0,1
BRDA:147,15,1,39
BRDA:152,16,0,38
BRDA:161,17,0,80
BRDA:161,18,0,80
BRDA:161,18,1,80
BRDA:166,19,0,80
BRDA:166,20,0,80
BRDA:166,20,1,80
BRDA:171,21,0,5
BRDA:175,22,0,5
BRDA:175,22,1,0
BRDA:196,23,0,0
BRDA:196,23,1,5
BRDA:199,24,0,0
BRDA:199,24,1,5
BRDA:201,25,0,0
BRDA:201,25,1,5
BRDA:203,26,0,0
BRDA:203,26,1,5
BRDA:203,27,0,5
BRDA:203,27,1,0
BRDA:207,28,0,0
BRDA:207,28,1,5
BRDA:213,29,0,5
BRDA:218,30,0,5
BRDA:223,31,0,5
BRDA:235,32,0,0
BRDA:235,32,1,5
BRDA:239,33,0,0
BRDA:239,33,1,5
BRDA:240,34,0,0
BRDA:240,34,1,5
BRDA:243,35,0,0
BRDA:243,35,1,5
BRDA:245,36,0,5
BRDA:245,36,1,5
BRDA:248,37,0,0
BRDA:248,37,1,5
BRDA:252,38,0,0
BRDA:252,38,1,5
BRDA:257,39,0,0
BRDA:257,39,1,10
BRDA:263,40,0,5
BRDA:264,41,0,0
BRDA:264,41,1,0
BRDA:273,42,0,5
BRDA:277,43,0,0
BRDA:277,43,1,5
BRDA:282,44,0,0
BRDA:282,44,1,5
BRDA:322,45,0,0
BRDA:322,45,1,35
BRDA:322,46,0,35
BRDA:322,46,1,0
BRDA:326,47,0,1
BRDA:326,47,1,34
BRDA:334,48,0,35
BRDA:341,49,0,35
BRDA:351,50,0,35
BRDA:355,51,0,0
BRDA:355,51,1,0
BRDA:360,52,0,0
BRDA:360,52,1,0
BRDA:360,53,0,0
BRDA:360,53,1,0
BRDA:365,54,0,35
BRDA:370,55,0,1
BRDA:370,55,1,34
BRDA:375,56,0,1
BRDA:375,56,1,34
BRDA:399,57,0,0
BRDA:399,57,1,35
BRDA:402,58,0,0
BRDA:402,58,1,35
BRDA:406,59,0,35
BRDA:406,59,1,32
BRDA:407,60,0,0
BRDA:407,60,1,32
BRDA:408,61,0,0
BRDA:408,61,1,32
BRDA:415,62,0,0
BRDA:415,62,1,35
BRDA:416,63,0,0
BRDA:416,63,1,35
BRDA:419,64,0,35
BRDA:419,64,1,35
BRDA:424,65,0,0
BRDA:424,65,1,35
BRDA:425,66,0,0
BRDA:425,66,1,35
BRDA:435,67,0,0
BRDA:435,67,1,70
BRDA:441,68,0,35
BRDA:443,69,0,0
BRDA:443,69,1,1
BRDA:451,70,0,35
BRDA:469,71,0,0
BRF:119
BRH:68
end_of_record
TN:
SF:components\features\ExerciseLibrary\ExerciseDetailView.tsx
FN:39,ExerciseDetailView
FN:53,(anonymous_2)
FN:54,(anonymous_3)
FN:56,(anonymous_4)
FN:61,(anonymous_5)
FN:128,(anonymous_6)
FN:140,(anonymous_7)
FN:214,(anonymous_8)
FN:235,(anonymous_9)
FN:245,(anonymous_10)
FN:255,(anonymous_11)
FN:285,(anonymous_12)
FN:298,(anonymous_13)
FN:345,(anonymous_14)
FN:360,(anonymous_15)
FN:389,(anonymous_16)
FNF:16
FNH:14
FNDA:39,ExerciseDetailView
FNDA:6,(anonymous_2)
FNDA:6,(anonymous_3)
FNDA:1,(anonymous_4)
FNDA:1,(anonymous_5)
FNDA:1,(anonymous_6)
FNDA:1,(anonymous_7)
FNDA:76,(anonymous_8)
FNDA:0,(anonymous_9)
FNDA:1,(anonymous_10)
FNDA:2,(anonymous_11)
FNDA:144,(anonymous_12)
FNDA:6,(anonymous_13)
FNDA:4,(anonymous_14)
FNDA:6,(anonymous_15)
FNDA:0,(anonymous_16)
DA:3,1
DA:20,1
DA:21,1
DA:23,1
DA:24,1
DA:26,1
DA:39,29
DA:45,39
DA:46,39
DA:47,39
DA:49,39
DA:53,39
DA:54,6
DA:55,6
DA:56,1
DA:61,39
DA:62,1
DA:66,39
DA:85,39
DA:128,1
DA:140,1
DA:215,76
DA:235,0
DA:245,1
DA:255,2
DA:286,144
DA:287,144
DA:288,144
DA:290,144
DA:298,6
DA:346,4
DA:361,6
DA:390,0
LF:33
LH:31
BRDA:43,0,0,38
BRDA:49,1,0,37
BRDA:49,1,1,2
BRDA:55,2,0,1
BRDA:55,2,1,5
BRDA:115,3,0,39
BRDA:130,4,0,1
BRDA:130,4,1,38
BRDA:135,5,0,1
BRDA:135,5,1,38
BRDA:136,6,0,1
BRDA:136,6,1,38
BRDA:188,7,0,37
BRDA:204,8,0,2
BRDA:204,8,1,0
BRDA:210,9,0,39
BRDA:210,9,1,39
BRDA:237,10,0,36
BRDA:237,10,1,3
BRDA:247,11,0,1
BRDA:247,11,1,38
BRDA:257,12,0,2
BRDA:257,12,1,37
BRDA:269,13,0,39
BRDA:273,14,0,36
BRDA:294,15,0,6
BRDA:294,15,1,138
BRDA:301,16,0,6
BRDA:301,16,1,138
BRDA:305,17,0,6
BRDA:305,17,1,138
BRDA:308,18,0,138
BRDA:308,18,1,0
BRDA:311,19,0,6
BRDA:311,19,1,138
BRDA:312,20,0,6
BRDA:312,20,1,138
BRDA:340,21,0,39
BRDA:355,22,0,39
BRDA:365,23,0,0
BRDA:365,23,1,6
BRDA:367,24,0,4
BRDA:367,24,1,2
BRF:43
BRH:40
end_of_record
TN:
SF:components\features\ExerciseLibrary\ExerciseFiltersAdvanced.tsx
FN:73,ExerciseFiltersAdvanced
FN:95,(anonymous_3)
FN:97,(anonymous_4)
FN:103,(anonymous_5)
FN:111,(anonymous_6)
FN:112,(anonymous_7)
FN:118,(anonymous_8)
FN:139,(anonymous_9)
FN:152,(anonymous_10)
FN:164,(anonymous_11)
FN:168,(anonymous_12)
FN:179,(anonymous_13)
FN:184,(anonymous_14)
FN:249,(anonymous_15)
FN:271,(anonymous_16)
FN:279,(anonymous_17)
FN:287,(anonymous_18)
FN:295,(anonymous_19)
FN:303,(anonymous_20)
FN:311,(anonymous_21)
FN:324,(anonymous_22)
FN:339,(anonymous_23)
FN:342,(anonymous_24)
FN:345,(anonymous_25)
FN:367,(anonymous_26)
FN:371,(anonymous_27)
FN:376,(anonymous_28)
FN:390,(anonymous_29)
FN:394,(anonymous_30)
FN:399,(anonymous_31)
FN:413,(anonymous_32)
FN:423,(anonymous_33)
FN:432,(anonymous_34)
FN:437,(anonymous_35)
FN:457,(anonymous_36)
FN:465,(anonymous_37)
FN:490,(anonymous_38)
FN:503,(anonymous_39)
FNF:38
FNH:28
FNDA:54,ExerciseFiltersAdvanced
FNDA:37,(anonymous_3)
FNDA:15,(anonymous_4)
FNDA:35,(anonymous_5)
FNDA:16,(anonymous_6)
FNDA:16,(anonymous_7)
FNDA:6,(anonymous_8)
FNDA:3,(anonymous_9)
FNDA:1,(anonymous_10)
FNDA:4,(anonymous_11)
FNDA:0,(anonymous_12)
FNDA:0,(anonymous_13)
FNDA:0,(anonymous_14)
FNDA:0,(anonymous_15)
FNDA:13,(anonymous_16)
FNDA:0,(anonymous_17)
FNDA:7,(anonymous_18)
FNDA:0,(anonymous_19)
FNDA:1,(anonymous_20)
FNDA:0,(anonymous_21)
FNDA:0,(anonymous_22)
FNDA:6,(anonymous_23)
FNDA:162,(anonymous_24)
FNDA:4,(anonymous_25)
FNDA:1,(anonymous_26)
FNDA:212,(anonymous_27)
FNDA:2,(anonymous_28)
FNDA:3,(anonymous_29)
FNDA:212,(anonymous_30)
FNDA:2,(anonymous_31)
FNDA:5,(anonymous_32)
FNDA:3,(anonymous_33)
FNDA:252,(anonymous_34)
FNDA:1,(anonymous_35)
FNDA:1,(anonymous_36)
FNDA:1,(anonymous_37)
FNDA:0,(anonymous_38)
FNDA:0,(anonymous_39)
DA:3,1
DA:18,1
DA:73,35
DA:82,54
DA:90,54
DA:91,54
DA:92,54
DA:95,54
DA:96,37
DA:97,3
DA:98,15
DA:103,54
DA:104,35
DA:111,54
DA:112,16
DA:118,54
DA:119,6
DA:120,1
DA:124,5
DA:125,0
DA:131,5
DA:134,5
DA:135,0
DA:137,5
DA:138,5
DA:139,3
DA:141,3
DA:145,5
DA:152,54
DA:153,1
DA:161,1
DA:164,54
DA:165,4
DA:168,54
DA:169,0
DA:170,0
DA:174,0
DA:175,0
DA:179,54
DA:180,0
DA:181,0
DA:183,0
DA:184,0
DA:189,54
DA:231,54
DA:249,0
DA:272,13
DA:279,0
DA:288,7
DA:295,0
DA:304,1
DA:311,0
DA:324,0
DA:339,6
DA:343,162
DA:345,4
DA:367,1
DA:372,212
DA:376,2
DA:390,3
DA:395,212
DA:399,2
DA:413,5
DA:423,3
DA:433,252
DA:437,1
DA:457,1
DA:465,1
DA:490,0
DA:504,0
DA:505,0
LF:71
LH:53
BRDA:56,0,0,270
BRDA:56,0,1,216
BRDA:62,1,0,71
BRDA:65,2,0,270
BRDA:77,3,0,54
BRDA:80,4,0,54
BRDA:96,5,0,34
BRDA:107,6,0,3
BRDA:107,6,1,32
BRDA:108,7,0,35
BRDA:108,7,1,34
BRDA:119,8,0,1
BRDA:119,8,1,5
BRDA:124,9,0,0
BRDA:124,9,1,5
BRDA:134,10,0,0
BRDA:134,10,1,5
BRDA:138,11,0,2
BRDA:138,11,1,3
BRDA:169,12,0,0
BRDA:169,13,0,0
BRDA:169,13,1,0
BRDA:180,14,0,0
BRDA:180,14,1,0
BRDA:240,15,0,54
BRDA:269,16,0,54
BRDA:319,17,0,12
BRDA:350,18,0,162
BRDA:445,19,0,54
BRDA:445,19,1,2
BRDA:458,20,0,3
BRDA:458,20,1,51
BRDA:464,21,0,54
BRDA:464,21,1,51
BRDA:477,22,0,54
BRF:35
BRH:28
end_of_record
TN:
SF:components\features\ExerciseLibrary\ExerciseGrid.tsx
FN:16,ExerciseGrid
FN:31,(anonymous_3)
FN:72,(anonymous_4)
FNF:3
FNH:3
FNDA:12,ExerciseGrid
FNDA:24,(anonymous_3)
FNDA:24,(anonymous_4)
DA:3,1
DA:5,1
DA:6,1
DA:16,12
DA:24,12
DA:32,24
DA:38,10
DA:73,24
LF:8
LH:8
BRDA:19,0,0,10
BRDA:20,1,0,11
BRDA:24,2,0,2
BRDA:27,3,0,1
BRDA:27,3,1,1
BRDA:38,4,0,2
BRDA:68,5,0,5
BRDA:68,5,1,3
BRDA:74,6,0,24
BRDA:74,6,1,0
BRF:10
BRH:9
end_of_record
TN:
SF:components\features\ExerciseLibrary\ExerciseGridSkeleton.tsx
FN:8,ExerciseGridSkeleton
FNF:1
FNH:1
FNDA:6,ExerciseGridSkeleton
DA:8,6
DA:12,6
LF:2
LH:2
BRDA:9,0,0,2
BRDA:10,1,0,5
BRDA:12,2,0,3
BRF:3
BRH:3
end_of_record
TN:
SF:components\features\ExerciseLibrary\ExerciseLibrary.tsx
FN:19,ExerciseLibrary
FN:52,(anonymous_3)
FN:60,(anonymous_4)
FN:65,(anonymous_5)
FN:78,(anonymous_6)
FNF:5
FNH:4
FNDA:12,ExerciseLibrary
FNDA:1,(anonymous_3)
FNDA:30,(anonymous_4)
FNDA:0,(anonymous_5)
FNDA:1,(anonymous_6)
DA:3,1
DA:5,1
DA:6,1
DA:19,12
DA:29,12
DA:52,1
DA:61,30
DA:62,30
DA:65,0
DA:78,1
LF:10
LH:9
BRDA:22,0,0,11
BRDA:29,1,0,1
BRDA:44,2,0,11
BRDA:67,3,0,28
BRDA:67,3,1,2
BRDA:89,4,0,11
BRDA:89,4,1,1
BRF:7
BRH:7
end_of_record
TN:
SF:components\features\ExerciseLibrary\ExerciseSearch.tsx
FN:13,ExerciseSearch
FN:22,(anonymous_2)
FN:26,(anonymous_3)
FN:33,(anonymous_4)
FNF:4
FNH:4
FNDA:14,ExerciseSearch
FNDA:4,(anonymous_2)
FNDA:1,(anonymous_3)
FNDA:1,(anonymous_4)
DA:3,1
DA:4,1
DA:13,9
DA:19,14
DA:20,14
DA:22,14
DA:23,4
DA:26,14
DA:27,1
DA:28,1
DA:29,1
DA:33,14
DA:34,1
DA:35,1
LF:14
LH:14
BRDA:15,0,0,13
BRDA:16,1,0,13
BRDA:17,2,0,14
BRDA:27,3,0,1
BRDA:55,4,0,14
BRF:5
BRH:5
end_of_record
TN:
SF:components\features\ExerciseLibrary\GifPlayer.tsx
FN:27,GifPlayer
FN:47,(anonymous_3)
FN:53,(anonymous_4)
FN:54,(anonymous_5)
FN:58,(anonymous_6)
FN:62,(anonymous_7)
FN:71,(anonymous_8)
FN:88,(anonymous_9)
FN:98,(anonymous_10)
FN:105,(anonymous_11)
FN:106,(anonymous_12)
FN:111,(anonymous_13)
FN:116,(anonymous_14)
FN:122,(anonymous_15)
FN:123,(anonymous_16)
FN:128,(anonymous_17)
FN:134,(anonymous_18)
FN:135,(anonymous_19)
FN:143,(anonymous_20)
FN:148,(anonymous_21)
FN:163,(anonymous_22)
FN:292,(anonymous_23)
FNF:22
FNH:6
FNDA:5,GifPlayer
FNDA:5,(anonymous_3)
FNDA:0,(anonymous_4)
FNDA:0,(anonymous_5)
FNDA:0,(anonymous_6)
FNDA:0,(anonymous_7)
FNDA:0,(anonymous_8)
FNDA:0,(anonymous_9)
FNDA:0,(anonymous_10)
FNDA:0,(anonymous_11)
FNDA:0,(anonymous_12)
FNDA:0,(anonymous_13)
FNDA:0,(anonymous_14)
FNDA:5,(anonymous_15)
FNDA:0,(anonymous_16)
FNDA:5,(anonymous_17)
FNDA:5,(anonymous_18)
FNDA:5,(anonymous_19)
FNDA:0,(anonymous_20)
FNDA:0,(anonymous_21)
FNDA:0,(anonymous_22)
FNDA:0,(anonymous_23)
DA:3,1
DA:4,1
DA:16,1
DA:27,5
DA:35,5
DA:36,5
DA:37,5
DA:38,5
DA:39,5
DA:40,5
DA:42,5
DA:43,5
DA:44,5
DA:47,5
DA:49,5
DA:53,5
DA:54,0
DA:58,5
DA:59,0
DA:60,0
DA:61,0
DA:62,0
DA:63,0
DA:64,0
DA:71,5
DA:72,0
DA:74,0
DA:75,0
DA:76,0
DA:77,0
DA:79,0
DA:80,0
DA:83,0
DA:88,5
DA:89,0
DA:90,0
DA:91,0
DA:92,0
DA:93,0
DA:94,0
DA:98,5
DA:99,0
DA:100,0
DA:101,0
DA:105,5
DA:106,0
DA:107,0
DA:111,5
DA:112,0
DA:113,0
DA:114,0
DA:116,0
DA:117,0
DA:122,5
DA:123,5
DA:124,0
DA:127,5
DA:128,5
DA:129,5
DA:134,5
DA:135,5
DA:136,5
DA:137,0
DA:143,5
DA:144,0
DA:145,0
DA:148,5
DA:149,0
DA:150,0
DA:153,5
DA:164,0
DA:165,0
DA:166,0
DA:292,0
LF:74
LH:33
BRDA:31,0,0,4
BRDA:32,1,0,4
BRDA:33,2,0,4
BRDA:59,3,0,0
BRDA:63,4,0,0
BRDA:72,5,0,0
BRDA:75,6,0,0
BRDA:75,6,1,0
BRDA:100,7,0,0
BRDA:113,8,0,0
BRDA:136,9,0,0
BRDA:153,10,0,0
BRDA:181,11,0,0
BRDA:181,11,1,5
BRDA:188,12,0,5
BRDA:205,13,0,5
BRDA:205,13,1,0
BRDA:214,14,0,5
BRDA:226,15,0,5
BRDA:226,15,1,5
BRDA:226,15,2,5
BRDA:243,16,0,0
BRDA:243,16,1,4
BRDA:245,17,0,0
BRDA:258,18,0,0
BRDA:273,19,0,0
BRDA:297,20,0,4
BRDA:306,21,0,5
BRF:28
BRH:13
end_of_record
TN:
SF:components\features\ExerciseLibrary\GifPlayerMobile.tsx
FN:35,GifPlayerMobile
FN:63,(anonymous_3)
FN:65,(anonymous_4)
FN:69,(anonymous_5)
FN:74,(anonymous_6)
FN:79,(anonymous_7)
FN:84,(anonymous_8)
FN:89,(anonymous_9)
FN:94,(anonymous_10)
FN:99,(anonymous_11)
FN:104,(anonymous_12)
FN:115,(anonymous_13)
FN:119,(anonymous_14)
FN:120,(anonymous_15)
FN:128,(anonymous_16)
FN:132,(anonymous_17)
FN:140,(anonymous_18)
FN:166,(anonymous_19)
FN:168,(anonymous_20)
FN:170,(anonymous_21)
FN:174,(anonymous_22)
FN:179,(anonymous_23)
FN:185,(anonymous_24)
FN:195,(anonymous_25)
FN:199,(anonymous_26)
FN:207,(anonymous_27)
FN:208,(anonymous_28)
FN:213,(anonymous_29)
FN:219,(anonymous_30)
FN:224,(anonymous_31)
FN:230,(anonymous_32)
FN:254,(anonymous_33)
FN:353,(anonymous_34)
FN:360,(anonymous_35)
FNF:34
FNH:14
FNDA:31,GifPlayerMobile
FNDA:0,(anonymous_3)
FNDA:0,(anonymous_4)
FNDA:0,(anonymous_5)
FNDA:0,(anonymous_6)
FNDA:0,(anonymous_7)
FNDA:0,(anonymous_8)
FNDA:0,(anonymous_9)
FNDA:0,(anonymous_10)
FNDA:0,(anonymous_11)
FNDA:0,(anonymous_12)
FNDA:30,(anonymous_13)
FNDA:0,(anonymous_14)
FNDA:0,(anonymous_15)
FNDA:1,(anonymous_16)
FNDA:0,(anonymous_17)
FNDA:1,(anonymous_18)
FNDA:0,(anonymous_19)
FNDA:0,(anonymous_20)
FNDA:0,(anonymous_21)
FNDA:20,(anonymous_22)
FNDA:0,(anonymous_23)
FNDA:1,(anonymous_24)
FNDA:22,(anonymous_25)
FNDA:22,(anonymous_26)
FNDA:22,(anonymous_27)
FNDA:0,(anonymous_28)
FNDA:22,(anonymous_29)
FNDA:5,(anonymous_30)
FNDA:2,(anonymous_31)
FNDA:46,(anonymous_32)
FNDA:1,(anonymous_33)
FNDA:0,(anonymous_34)
FNDA:0,(anonymous_35)
DA:3,1
DA:4,1
DA:20,1
DA:21,1
DA:35,22
DA:46,31
DA:47,31
DA:48,31
DA:49,31
DA:50,31
DA:51,31
DA:52,31
DA:54,31
DA:55,31
DA:56,31
DA:58,31
DA:59,31
DA:62,31
DA:64,0
DA:65,0
DA:66,0
DA:70,0
DA:71,0
DA:75,0
DA:76,0
DA:80,0
DA:81,0
DA:85,0
DA:86,0
DA:90,0
DA:91,0
DA:95,0
DA:96,0
DA:100,0
DA:101,0
DA:105,0
DA:106,0
DA:115,31
DA:116,30
DA:119,31
DA:120,0
DA:121,0
DA:123,0
DA:124,0
DA:128,31
DA:129,1
DA:130,0
DA:131,0
DA:132,0
DA:133,0
DA:134,0
DA:140,31
DA:141,1
DA:143,1
DA:144,1
DA:145,1
DA:146,1
DA:148,1
DA:149,0
DA:150,0
DA:156,0
DA:157,0
DA:158,0
DA:159,0
DA:162,0
DA:166,31
DA:167,0
DA:168,0
DA:170,0
DA:174,31
DA:175,20
DA:176,0
DA:178,20
DA:180,0
DA:185,31
DA:186,1
DA:187,1
DA:188,1
DA:189,1
DA:190,1
DA:191,1
DA:195,31
DA:196,22
DA:197,20
DA:199,22
DA:200,22
DA:201,20
DA:207,31
DA:208,22
DA:209,0
DA:212,22
DA:213,22
DA:214,22
DA:219,31
DA:220,5
DA:221,5
DA:224,31
DA:225,2
DA:226,2
DA:230,31
DA:232,46
DA:233,46
DA:237,46
DA:238,46
DA:242,31
DA:255,1
DA:256,1
DA:257,1
DA:353,0
DA:360,0
LF:110
LH:67
BRDA:39,0,0,28
BRDA:40,1,0,30
BRDA:41,2,0,29
BRDA:44,3,0,30
BRDA:64,4,0,0
BRDA:70,5,0,0
BRDA:75,6,0,0
BRDA:75,7,0,0
BRDA:75,7,1,0
BRDA:80,8,0,0
BRDA:80,9,0,0
BRDA:80,9,1,0
BRDA:85,10,0,0
BRDA:85,11,0,0
BRDA:85,11,1,0
BRDA:90,12,0,0
BRDA:90,13,0,0
BRDA:90,13,1,0
BRDA:95,14,0,0
BRDA:95,15,0,0
BRDA:95,15,1,0
BRDA:100,16,0,0
BRDA:100,17,0,0
BRDA:100,17,1,0
BRDA:105,18,0,0
BRDA:121,19,0,0
BRDA:129,20,0,0
BRDA:133,21,0,0
BRDA:141,22,0,0
BRDA:144,23,0,1
BRDA:144,23,1,0
BRDA:148,24,0,0
BRDA:148,25,0,1
BRDA:148,25,1,0
BRDA:167,26,0,0
BRDA:167,26,1,0
BRDA:175,27,0,0
BRDA:178,28,0,20
BRDA:196,29,0,20
BRDA:196,30,0,22
BRDA:196,30,1,20
BRDA:200,31,0,20
BRDA:232,32,0,46
BRDA:232,33,0,46
BRDA:232,33,1,46
BRDA:237,34,0,46
BRDA:237,35,0,46
BRDA:237,35,1,46
BRDA:242,36,0,2
BRDA:246,37,0,2
BRDA:246,37,1,0
BRDA:247,38,0,2
BRDA:247,38,1,0
BRDA:250,39,0,2
BRDA:250,39,1,0
BRDA:272,40,0,1
BRDA:272,40,1,28
BRDA:276,41,0,29
BRDA:279,42,0,21
BRDA:279,42,1,2
BRDA:280,43,0,21
BRDA:280,43,1,2
BRDA:301,44,0,23
BRDA:301,44,1,6
BRDA:311,45,0,29
BRDA:311,45,1,27
BRDA:313,46,0,26
BRDA:318,47,0,26
BRDA:327,48,0,29
BRDA:332,49,0,24
BRDA:332,49,1,2
BRDA:335,50,0,24
BRDA:335,50,1,2
BRDA:341,51,0,29
BRDA:341,51,1,28
BRDA:350,52,0,28
BRDA:350,52,1,26
BRDA:357,53,0,1
BRDA:357,53,1,0
BRDA:364,54,0,1
BRDA:364,54,1,0
BRDA:373,55,0,26
BRDA:373,55,1,2
BRDA:378,56,0,1
BRDA:378,56,1,27
BRDA:381,57,0,1
BRDA:381,58,0,1
BRDA:381,58,1,0
BRDA:383,59,0,25
BRDA:383,59,1,2
BRDA:395,60,0,26
BRDA:395,60,1,2
BRDA:399,61,0,3
BRDA:399,62,0,3
BRDA:399,62,1,0
BRDA:401,63,0,23
BRDA:401,63,1,2
BRDA:409,64,0,26
BRDA:409,64,1,2
BRDA:415,65,0,3
BRDA:415,66,0,3
BRDA:415,66,1,0
BRDA:417,67,0,23
BRDA:417,67,1,2
BRDA:425,68,0,26
BRDA:425,68,1,2
BRDA:441,69,0,26
BRDA:441,69,1,2
BRDA:450,70,0,29
BRDA:460,71,0,29
BRDA:460,71,1,27
BRF:111
BRH:72
end_of_record
TN:
SF:components\features\ExerciseLibrary\RelatedExercises.tsx
FN:16,RelatedExercises
FN:27,(anonymous_2)
FN:28,(anonymous_3)
FN:45,(anonymous_4)
FN:64,(anonymous_5)
FN:68,(anonymous_6)
FN:72,(anonymous_7)
FN:76,(anonymous_8)
FN:102,(anonymous_9)
FN:157,(anonymous_10)
FN:160,(anonymous_11)
FN:183,(anonymous_12)
FN:191,(anonymous_13)
FN:193,(anonymous_14)
FN:194,(anonymous_15)
FNF:15
FNH:9
FNDA:15,RelatedExercises
FNDA:7,(anonymous_2)
FNDA:7,(anonymous_3)
FNDA:14,(anonymous_4)
FNDA:0,(anonymous_5)
FNDA:0,(anonymous_6)
FNDA:0,(anonymous_7)
FNDA:32,(anonymous_8)
FNDA:21,(anonymous_9)
FNDA:32,(anonymous_10)
FNDA:1,(anonymous_11)
FNDA:16,(anonymous_12)
FNDA:0,(anonymous_13)
FNDA:0,(anonymous_14)
FNDA:0,(anonymous_15)
DA:3,1
DA:4,1
DA:6,1
DA:7,1
DA:16,6
DA:22,15
DA:23,15
DA:24,15
DA:25,15
DA:27,15
DA:28,7
DA:29,7
DA:31,7
DA:32,7
DA:42,7
DA:44,7
DA:45,14
DA:48,7
DA:50,0
DA:51,0
DA:53,7
DA:57,7
DA:60,15
DA:61,15
DA:62,15
DA:64,15
DA:65,0
DA:68,15
DA:69,0
DA:72,15
DA:73,0
DA:76,15
DA:77,32
DA:79,8
DA:81,8
DA:83,8
DA:85,8
DA:89,15
DA:103,21
DA:115,8
DA:158,32
DA:161,1
DA:162,1
DA:184,16
DA:193,0
DA:194,0
LF:46
LH:39
BRDA:19,0,0,15
BRDA:20,1,0,15
BRDA:34,2,0,6
BRDA:34,2,1,1
BRDA:34,3,0,7
BRDA:34,3,1,7
BRDA:36,4,0,0
BRDA:36,4,1,7
BRDA:38,5,0,1
BRDA:38,5,1,6
BRDA:77,6,0,8
BRDA:77,6,1,8
BRDA:77,6,2,8
BRDA:77,6,3,8
BRDA:89,7,0,7
BRDA:115,8,0,0
BRDA:151,9,0,8
BRDA:151,9,1,0
BRDA:165,10,0,8
BRDA:165,10,1,24
BRDA:194,11,0,0
BRDA:194,11,1,0
BRDA:206,12,0,8
BRDA:212,13,0,0
BRDA:212,13,1,0
BRDA:224,14,0,0
BRDA:224,14,1,0
BRF:27
BRH:18
end_of_record
